<?xml version="1.0" encoding="UTF-8"?>
<?totaltestVersion 19.3.1.v20181214-1343_790?>
<!--Topaz for Total Test 19.3.1.v20181214-1343_790 13.03.2019 11:45:37-->
<testExecutions version="1">
  <file path="C:\Users\cwde-rnuesse\git\FTSDEMO_RXN3_Unit_Tests\CWXTSUBC_Unit_Tests\Unit Test\Scenarios\CWXTSUBC_Scenario.testscenario">
    <testCase duration="0" name="CWXTSUBC_Unit_Tests.CWXTSUBC_Scenario.00001: CWXTSUBCCase1.00001: Check for EMP_TYPE"/>
    <testCase duration="0" name="CWXTSUBC_Unit_Tests.CWXTSUBC_Scenario.00001: CWXTSUBCCase1.00002: Check for SALES_AMOUNT"/>
    <testCase duration="0" name="CWXTSUBC_Unit_Tests.CWXTSUBC_Scenario.00001: CWXTSUBCCase1.00003: Check for COMM_TOTAL"/>
  </file>
  <file path="C:\Users\cwde-rnuesse\git\FTSDEMO_RXN3_Unit_Tests\CWXTSUBC_Unit_Tests\Unit Test\Scenarios\CWXTSUBC_Scenario.testscenario">
    <testCase duration="0" name="CWXTSUBC_Unit_Tests.CWXTSUBC_Scenario.00002: CWXTSUBCCase2.00001: Check for EMP_TYPE"/>
    <testCase duration="0" name="CWXTSUBC_Unit_Tests.CWXTSUBC_Scenario.00002: CWXTSUBCCase2.00002: Check for SALES_AMOUNT"/>
    <testCase duration="0" name="CWXTSUBC_Unit_Tests.CWXTSUBC_Scenario.00002: CWXTSUBCCase2.00003: Check for COMM_TOTAL"/>
  </file>
  <file path="C:\Users\cwde-rnuesse\git\FTSDEMO_RXN3_Unit_Tests\CWXTSUBC_Unit_Tests\Unit Test\Scenarios\CWXTSUBC_Scenario.testscenario">
    <testCase duration="0" name="CWXTSUBC_Unit_Tests.CWXTSUBC_Scenario.00003: CWXTSUBCCase3.00001: Check for EMP_TYPE"/>
    <testCase duration="0" name="CWXTSUBC_Unit_Tests.CWXTSUBC_Scenario.00003: CWXTSUBCCase3.00002: Check for SALES_AMOUNT"/>
    <testCase duration="0" name="CWXTSUBC_Unit_Tests.CWXTSUBC_Scenario.00003: CWXTSUBCCase3.00003: Check for COMM_TOTAL"/>
  </file>
  <file path="C:\Users\cwde-rnuesse\git\FTSDEMO_RXN3_Unit_Tests\CWXTSUBC_Unit_Tests\Unit Test\Scenarios\CWXTSUBC_Scenario.testscenario">
    <testCase duration="0" name="CWXTSUBC_Unit_Tests.CWXTSUBC_Scenario.00004: CWXTSUBCCase4.00001: Check for EMP_TYPE"/>
    <testCase duration="0" name="CWXTSUBC_Unit_Tests.CWXTSUBC_Scenario.00004: CWXTSUBCCase4.00002: Check for SALES_AMOUNT"/>
    <testCase duration="0" name="CWXTSUBC_Unit_Tests.CWXTSUBC_Scenario.00004: CWXTSUBCCase4.00003: Check for COMM_TOTAL"/>
  </file>
  <file path="C:\Users\cwde-rnuesse\git\FTSDEMO_RXN3_Unit_Tests\CWXTSUBC_Unit_Tests\Unit Test\Scenarios\CWXTSUBC_Scenario.testscenario">
    <testCase duration="0" name="CWXTSUBC_Unit_Tests.CWXTSUBC_Scenario.00005: CWXTSUBCCase5.00001: Check for EMP_TYPE"/>
    <testCase duration="0" name="CWXTSUBC_Unit_Tests.CWXTSUBC_Scenario.00005: CWXTSUBCCase5.00002: Check for SALES_AMOUNT"/>
    <testCase duration="0" name="CWXTSUBC_Unit_Tests.CWXTSUBC_Scenario.00005: CWXTSUBCCase5.00003: Check for COMM_TOTAL"/>
  </file>
  <file path="C:\Users\cwde-rnuesse\git\FTSDEMO_RXN3_Unit_Tests\CWXTSUBC_Unit_Tests\Unit Test\Scenarios\CWXTSUBC_Scenario.testscenario">
    <testCase duration="0" name="CWXTSUBC_Unit_Tests.CWXTSUBC_Scenario.00006: CWXTSUBCCase6.00001: Check for EMP_TYPE"/>
    <testCase duration="0" name="CWXTSUBC_Unit_Tests.CWXTSUBC_Scenario.00006: CWXTSUBCCase6.00002: Check for SALES_AMOUNT"/>
    <testCase duration="0" name="CWXTSUBC_Unit_Tests.CWXTSUBC_Scenario.00006: CWXTSUBCCase6.00003: Check for COMM_TOTAL"/>
  </file>
  <file path="C:\Users\cwde-rnuesse\git\FTSDEMO_RXN3_Unit_Tests\CWXTSUBC_Unit_Tests\Unit Test\Scenarios\CWXTSUBC_Scenario.testscenario">
    <testCase duration="0" name="CWXTSUBC_Unit_Tests.CWXTSUBC_Scenario.00007: CWXTSUBCCase7.00001: Check for EMP_TYPE"/>
    <testCase duration="0" name="CWXTSUBC_Unit_Tests.CWXTSUBC_Scenario.00007: CWXTSUBCCase7.00002: Check for SALES_AMOUNT"/>
    <testCase duration="0" name="CWXTSUBC_Unit_Tests.CWXTSUBC_Scenario.00007: CWXTSUBCCase7.00003: Check for COMM_TOTAL"/>
  </file>
  <file path="C:\Users\cwde-rnuesse\git\FTSDEMO_RXN3_Unit_Tests\CWXTSUBC_Unit_Tests\Unit Test\Scenarios\CWXTSUBC_Scenario.testscenario">
    <testCase duration="0" name="CWXTSUBC_Unit_Tests.CWXTSUBC_Scenario.00008: CWXTSUBCCase8.00001: Check for EMP_TYPE"/>
    <testCase duration="0" name="CWXTSUBC_Unit_Tests.CWXTSUBC_Scenario.00008: CWXTSUBCCase8.00002: Check for SALES_AMOUNT"/>
    <testCase duration="0" name="CWXTSUBC_Unit_Tests.CWXTSUBC_Scenario.00008: CWXTSUBCCase8.00003: Check for COMM_TOTAL"/>
  </file>
  <file path="C:\Users\cwde-rnuesse\git\FTSDEMO_RXN3_Unit_Tests\CWXTSUBC_Unit_Tests\Unit Test\Scenarios\CWXTSUBC_Scenario.testscenario">
    <testCase duration="0" name="CWXTSUBC_Unit_Tests.CWXTSUBC_Scenario.00009: CWXTSUBCCase9.00001: Check for EMP_TYPE"/>
    <testCase duration="0" name="CWXTSUBC_Unit_Tests.CWXTSUBC_Scenario.00009: CWXTSUBCCase9.00002: Check for SALES_AMOUNT"/>
    <testCase duration="0" name="CWXTSUBC_Unit_Tests.CWXTSUBC_Scenario.00009: CWXTSUBCCase9.00003: Check for COMM_TOTAL"/>
  </file>
  <file path="C:\Users\cwde-rnuesse\git\FTSDEMO_RXN3_Unit_Tests\CWXTSUBC_Unit_Tests\Unit Test\Scenarios\CWXTSUBC_Scenario.testscenario">
    <testCase duration="0" name="CWXTSUBC_Unit_Tests.CWXTSUBC_Scenario.00010: CWXTSUBCCase10.00001: Check for EMP_TYPE"/>
    <testCase duration="0" name="CWXTSUBC_Unit_Tests.CWXTSUBC_Scenario.00010: CWXTSUBCCase10.00002: Check for SALES_AMOUNT"/>
    <testCase duration="0" name="CWXTSUBC_Unit_Tests.CWXTSUBC_Scenario.00010: CWXTSUBCCase10.00003: Check for COMM_TOTAL"/>
  </file>
  <file path="C:\Users\cwde-rnuesse\git\FTSDEMO_RXN3_Unit_Tests\CWXTSUBC_Unit_Tests\Unit Test\Scenarios\CWXTSUBC_Scenario.testscenario">
    <testCase duration="0" name="CWXTSUBC_Unit_Tests.CWXTSUBC_Scenario.00011: CWXTSUBCCase11.00001: Check for EMP_TYPE"/>
    <testCase duration="0" name="CWXTSUBC_Unit_Tests.CWXTSUBC_Scenario.00011: CWXTSUBCCase11.00002: Check for SALES_AMOUNT">
      <failure message="Check for SALES_AMOUNT failed">Check for SALES_AMOUNT failed

Actual Value:    5000.00

Expected Value:  500000.00</failure>
    </testCase>
    <testCase duration="0" name="CWXTSUBC_Unit_Tests.CWXTSUBC_Scenario.00011: CWXTSUBCCase11.00003: Check for COMM_TOTAL">
      <failure message="Check for COMM_TOTAL failed">Check for COMM_TOTAL failed

Actual Value:    100.00

Expected Value:  75000.00</failure>
    </testCase>
  </file>
</testExecutions>