<?xml version="1.0" encoding="UTF-8"?>
<?totaltestVersion 19.6.1.v20190927-0347_118?>
<!--Topaz for Total Test 19.6.1.v20190927-0347_118 Oct 8, 2019 5:15:51 AM-->
<testsuites>
  <testsuite errors="2" failures="0" name="CWXTCOB_Unit_Tests.CWXTCOB_Scenario_Special_Case_Data.00001: CWXTCOBCase1" tests="2">
    <testcase classname="CWXTCOB_Unit_Tests.CWXTCOB_Scenario_Special_Case_Data.00001: CWXTCOBCase1" name="00001: Check for PARM_LTH">
      <error>Error encountered parsing field PARM_LTH</error>
    </testcase>
    <testcase classname="CWXTCOB_Unit_Tests.CWXTCOB_Scenario_Special_Case_Data.00001: CWXTCOBCase1" name="00002: Check for PARM_DATA">
      <error>Error encountered parsing field PARM_DATA</error>
    </testcase>
  </testsuite>
</testsuites>