<?xml version="1.0" encoding="UTF-8"?>
<?totaltestVersion 19.6.1.v20190927-0347_118?>
<!--Topaz for Total Test 19.6.1.v20190927-0347_118 Sep 30, 2019 5:09:40 PM-->
<testsuites>
  <testsuite errors="8" failures="0" name="CWXTDATE_Unit_Tests.CWXTDATE_Scenario_EOM_Tests.00001: Jan 10 No EOM" tests="8">
    <testcase classname="CWXTDATE_Unit_Tests.CWXTDATE_Scenario_EOM_Tests.00001: Jan 10 No EOM" name="00001: Check for EOM_SW">
      <error>Error encountered parsing field EOM_SW</error>
    </testcase>
    <testcase classname="CWXTDATE_Unit_Tests.CWXTDATE_Scenario_EOM_Tests.00001: Jan 10 No EOM" name="00002: Check for YRS_OF_SERVICE">
      <error>Error encountered parsing field YRS_OF_SERVICE</error>
    </testcase>
    <testcase classname="CWXTDATE_Unit_Tests.CWXTDATE_Scenario_EOM_Tests.00001: Jan 10 No EOM" name="00003: Check for RUN_YY">
      <error>Error encountered parsing field RUN_YY</error>
    </testcase>
    <testcase classname="CWXTDATE_Unit_Tests.CWXTDATE_Scenario_EOM_Tests.00001: Jan 10 No EOM" name="00004: Check for RUN_MM">
      <error>Error encountered parsing field RUN_MM</error>
    </testcase>
    <testcase classname="CWXTDATE_Unit_Tests.CWXTDATE_Scenario_EOM_Tests.00001: Jan 10 No EOM" name="00005: Check for RUN_DD">
      <error>Error encountered parsing field RUN_DD</error>
    </testcase>
    <testcase classname="CWXTDATE_Unit_Tests.CWXTDATE_Scenario_EOM_Tests.00001: Jan 10 No EOM" name="00006: Check for HIRE_YY">
      <error>Error encountered parsing field HIRE_YY</error>
    </testcase>
    <testcase classname="CWXTDATE_Unit_Tests.CWXTDATE_Scenario_EOM_Tests.00001: Jan 10 No EOM" name="00007: Check for HIRE_MM">
      <error>Error encountered parsing field HIRE_MM</error>
    </testcase>
    <testcase classname="CWXTDATE_Unit_Tests.CWXTDATE_Scenario_EOM_Tests.00001: Jan 10 No EOM" name="00008: Check for HIRE_DD">
      <error>Error encountered parsing field HIRE_DD</error>
    </testcase>
  </testsuite>
  <testsuite errors="8" failures="0" name="CWXTDATE_Unit_Tests.CWXTDATE_Scenario_EOM_Tests.00002: Jan 30 No EOM" tests="8">
    <testcase classname="CWXTDATE_Unit_Tests.CWXTDATE_Scenario_EOM_Tests.00002: Jan 30 No EOM" name="00001: Check for EOM_SW">
      <error>Error encountered parsing field EOM_SW</error>
    </testcase>
    <testcase classname="CWXTDATE_Unit_Tests.CWXTDATE_Scenario_EOM_Tests.00002: Jan 30 No EOM" name="00002: Check for YRS_OF_SERVICE">
      <error>Error encountered parsing field YRS_OF_SERVICE</error>
    </testcase>
    <testcase classname="CWXTDATE_Unit_Tests.CWXTDATE_Scenario_EOM_Tests.00002: Jan 30 No EOM" name="00003: Check for RUN_YY">
      <error>Error encountered parsing field RUN_YY</error>
    </testcase>
    <testcase classname="CWXTDATE_Unit_Tests.CWXTDATE_Scenario_EOM_Tests.00002: Jan 30 No EOM" name="00004: Check for RUN_MM">
      <error>Error encountered parsing field RUN_MM</error>
    </testcase>
    <testcase classname="CWXTDATE_Unit_Tests.CWXTDATE_Scenario_EOM_Tests.00002: Jan 30 No EOM" name="00005: Check for RUN_DD">
      <error>Error encountered parsing field RUN_DD</error>
    </testcase>
    <testcase classname="CWXTDATE_Unit_Tests.CWXTDATE_Scenario_EOM_Tests.00002: Jan 30 No EOM" name="00006: Check for HIRE_YY">
      <error>Error encountered parsing field HIRE_YY</error>
    </testcase>
    <testcase classname="CWXTDATE_Unit_Tests.CWXTDATE_Scenario_EOM_Tests.00002: Jan 30 No EOM" name="00007: Check for HIRE_MM">
      <error>Error encountered parsing field HIRE_MM</error>
    </testcase>
    <testcase classname="CWXTDATE_Unit_Tests.CWXTDATE_Scenario_EOM_Tests.00002: Jan 30 No EOM" name="00008: Check for HIRE_DD">
      <error>Error encountered parsing field HIRE_DD</error>
    </testcase>
  </testsuite>
  <testsuite errors="8" failures="0" name="CWXTDATE_Unit_Tests.CWXTDATE_Scenario_EOM_Tests.00003: Jan 31 EOM" tests="8">
    <testcase classname="CWXTDATE_Unit_Tests.CWXTDATE_Scenario_EOM_Tests.00003: Jan 31 EOM" name="00001: Check for EOM_SW">
      <error>Error encountered parsing field EOM_SW</error>
    </testcase>
    <testcase classname="CWXTDATE_Unit_Tests.CWXTDATE_Scenario_EOM_Tests.00003: Jan 31 EOM" name="00002: Check for YRS_OF_SERVICE">
      <error>Error encountered parsing field YRS_OF_SERVICE</error>
    </testcase>
    <testcase classname="CWXTDATE_Unit_Tests.CWXTDATE_Scenario_EOM_Tests.00003: Jan 31 EOM" name="00003: Check for RUN_YY">
      <error>Error encountered parsing field RUN_YY</error>
    </testcase>
    <testcase classname="CWXTDATE_Unit_Tests.CWXTDATE_Scenario_EOM_Tests.00003: Jan 31 EOM" name="00004: Check for RUN_MM">
      <error>Error encountered parsing field RUN_MM</error>
    </testcase>
    <testcase classname="CWXTDATE_Unit_Tests.CWXTDATE_Scenario_EOM_Tests.00003: Jan 31 EOM" name="00005: Check for RUN_DD">
      <error>Error encountered parsing field RUN_DD</error>
    </testcase>
    <testcase classname="CWXTDATE_Unit_Tests.CWXTDATE_Scenario_EOM_Tests.00003: Jan 31 EOM" name="00006: Check for HIRE_YY">
      <error>Error encountered parsing field HIRE_YY</error>
    </testcase>
    <testcase classname="CWXTDATE_Unit_Tests.CWXTDATE_Scenario_EOM_Tests.00003: Jan 31 EOM" name="00007: Check for HIRE_MM">
      <error>Error encountered parsing field HIRE_MM</error>
    </testcase>
    <testcase classname="CWXTDATE_Unit_Tests.CWXTDATE_Scenario_EOM_Tests.00003: Jan 31 EOM" name="00008: Check for HIRE_DD">
      <error>Error encountered parsing field HIRE_DD</error>
    </testcase>
  </testsuite>
  <testsuite errors="8" failures="0" name="CWXTDATE_Unit_Tests.CWXTDATE_Scenario_EOM_Tests.00004: Feb 10 No LY No EOM" tests="8">
    <testcase classname="CWXTDATE_Unit_Tests.CWXTDATE_Scenario_EOM_Tests.00004: Feb 10 No LY No EOM" name="00001: Check for EOM_SW">
      <error>Error encountered parsing field EOM_SW</error>
    </testcase>
    <testcase classname="CWXTDATE_Unit_Tests.CWXTDATE_Scenario_EOM_Tests.00004: Feb 10 No LY No EOM" name="00002: Check for YRS_OF_SERVICE">
      <error>Error encountered parsing field YRS_OF_SERVICE</error>
    </testcase>
    <testcase classname="CWXTDATE_Unit_Tests.CWXTDATE_Scenario_EOM_Tests.00004: Feb 10 No LY No EOM" name="00003: Check for RUN_YY">
      <error>Error encountered parsing field RUN_YY</error>
    </testcase>
    <testcase classname="CWXTDATE_Unit_Tests.CWXTDATE_Scenario_EOM_Tests.00004: Feb 10 No LY No EOM" name="00004: Check for RUN_MM">
      <error>Error encountered parsing field RUN_MM</error>
    </testcase>
    <testcase classname="CWXTDATE_Unit_Tests.CWXTDATE_Scenario_EOM_Tests.00004: Feb 10 No LY No EOM" name="00005: Check for RUN_DD">
      <error>Error encountered parsing field RUN_DD</error>
    </testcase>
    <testcase classname="CWXTDATE_Unit_Tests.CWXTDATE_Scenario_EOM_Tests.00004: Feb 10 No LY No EOM" name="00006: Check for HIRE_YY">
      <error>Error encountered parsing field HIRE_YY</error>
    </testcase>
    <testcase classname="CWXTDATE_Unit_Tests.CWXTDATE_Scenario_EOM_Tests.00004: Feb 10 No LY No EOM" name="00007: Check for HIRE_MM">
      <error>Error encountered parsing field HIRE_MM</error>
    </testcase>
    <testcase classname="CWXTDATE_Unit_Tests.CWXTDATE_Scenario_EOM_Tests.00004: Feb 10 No LY No EOM" name="00008: Check for HIRE_DD">
      <error>Error encountered parsing field HIRE_DD</error>
    </testcase>
  </testsuite>
  <testsuite errors="8" failures="0" name="CWXTDATE_Unit_Tests.CWXTDATE_Scenario_EOM_Tests.00005: Feb 27 No LY No EOM" tests="8">
    <testcase classname="CWXTDATE_Unit_Tests.CWXTDATE_Scenario_EOM_Tests.00005: Feb 27 No LY No EOM" name="00001: Check for EOM_SW">
      <error>Error encountered parsing field EOM_SW</error>
    </testcase>
    <testcase classname="CWXTDATE_Unit_Tests.CWXTDATE_Scenario_EOM_Tests.00005: Feb 27 No LY No EOM" name="00002: Check for YRS_OF_SERVICE">
      <error>Error encountered parsing field YRS_OF_SERVICE</error>
    </testcase>
    <testcase classname="CWXTDATE_Unit_Tests.CWXTDATE_Scenario_EOM_Tests.00005: Feb 27 No LY No EOM" name="00003: Check for RUN_YY">
      <error>Error encountered parsing field RUN_YY</error>
    </testcase>
    <testcase classname="CWXTDATE_Unit_Tests.CWXTDATE_Scenario_EOM_Tests.00005: Feb 27 No LY No EOM" name="00004: Check for RUN_MM">
      <error>Error encountered parsing field RUN_MM</error>
    </testcase>
    <testcase classname="CWXTDATE_Unit_Tests.CWXTDATE_Scenario_EOM_Tests.00005: Feb 27 No LY No EOM" name="00005: Check for RUN_DD">
      <error>Error encountered parsing field RUN_DD</error>
    </testcase>
    <testcase classname="CWXTDATE_Unit_Tests.CWXTDATE_Scenario_EOM_Tests.00005: Feb 27 No LY No EOM" name="00006: Check for HIRE_YY">
      <error>Error encountered parsing field HIRE_YY</error>
    </testcase>
    <testcase classname="CWXTDATE_Unit_Tests.CWXTDATE_Scenario_EOM_Tests.00005: Feb 27 No LY No EOM" name="00007: Check for HIRE_MM">
      <error>Error encountered parsing field HIRE_MM</error>
    </testcase>
    <testcase classname="CWXTDATE_Unit_Tests.CWXTDATE_Scenario_EOM_Tests.00005: Feb 27 No LY No EOM" name="00008: Check for HIRE_DD">
      <error>Error encountered parsing field HIRE_DD</error>
    </testcase>
  </testsuite>
  <testsuite errors="8" failures="0" name="CWXTDATE_Unit_Tests.CWXTDATE_Scenario_EOM_Tests.00006: Feb 28 No LY EOM" tests="8">
    <testcase classname="CWXTDATE_Unit_Tests.CWXTDATE_Scenario_EOM_Tests.00006: Feb 28 No LY EOM" name="00001: Check for EOM_SW">
      <error>Error encountered parsing field EOM_SW</error>
    </testcase>
    <testcase classname="CWXTDATE_Unit_Tests.CWXTDATE_Scenario_EOM_Tests.00006: Feb 28 No LY EOM" name="00002: Check for YRS_OF_SERVICE">
      <error>Error encountered parsing field YRS_OF_SERVICE</error>
    </testcase>
    <testcase classname="CWXTDATE_Unit_Tests.CWXTDATE_Scenario_EOM_Tests.00006: Feb 28 No LY EOM" name="00003: Check for RUN_YY">
      <error>Error encountered parsing field RUN_YY</error>
    </testcase>
    <testcase classname="CWXTDATE_Unit_Tests.CWXTDATE_Scenario_EOM_Tests.00006: Feb 28 No LY EOM" name="00004: Check for RUN_MM">
      <error>Error encountered parsing field RUN_MM</error>
    </testcase>
    <testcase classname="CWXTDATE_Unit_Tests.CWXTDATE_Scenario_EOM_Tests.00006: Feb 28 No LY EOM" name="00005: Check for RUN_DD">
      <error>Error encountered parsing field RUN_DD</error>
    </testcase>
    <testcase classname="CWXTDATE_Unit_Tests.CWXTDATE_Scenario_EOM_Tests.00006: Feb 28 No LY EOM" name="00006: Check for HIRE_YY">
      <error>Error encountered parsing field HIRE_YY</error>
    </testcase>
    <testcase classname="CWXTDATE_Unit_Tests.CWXTDATE_Scenario_EOM_Tests.00006: Feb 28 No LY EOM" name="00007: Check for HIRE_MM">
      <error>Error encountered parsing field HIRE_MM</error>
    </testcase>
    <testcase classname="CWXTDATE_Unit_Tests.CWXTDATE_Scenario_EOM_Tests.00006: Feb 28 No LY EOM" name="00008: Check for HIRE_DD">
      <error>Error encountered parsing field HIRE_DD</error>
    </testcase>
  </testsuite>
  <testsuite errors="8" failures="0" name="CWXTDATE_Unit_Tests.CWXTDATE_Scenario_EOM_Tests.00007: Feb 28 LY No EOM" tests="8">
    <testcase classname="CWXTDATE_Unit_Tests.CWXTDATE_Scenario_EOM_Tests.00007: Feb 28 LY No EOM" name="00001: Check for EOM_SW">
      <error>Error encountered parsing field EOM_SW</error>
    </testcase>
    <testcase classname="CWXTDATE_Unit_Tests.CWXTDATE_Scenario_EOM_Tests.00007: Feb 28 LY No EOM" name="00002: Check for YRS_OF_SERVICE">
      <error>Error encountered parsing field YRS_OF_SERVICE</error>
    </testcase>
    <testcase classname="CWXTDATE_Unit_Tests.CWXTDATE_Scenario_EOM_Tests.00007: Feb 28 LY No EOM" name="00003: Check for RUN_YY">
      <error>Error encountered parsing field RUN_YY</error>
    </testcase>
    <testcase classname="CWXTDATE_Unit_Tests.CWXTDATE_Scenario_EOM_Tests.00007: Feb 28 LY No EOM" name="00004: Check for RUN_MM">
      <error>Error encountered parsing field RUN_MM</error>
    </testcase>
    <testcase classname="CWXTDATE_Unit_Tests.CWXTDATE_Scenario_EOM_Tests.00007: Feb 28 LY No EOM" name="00005: Check for RUN_DD">
      <error>Error encountered parsing field RUN_DD</error>
    </testcase>
    <testcase classname="CWXTDATE_Unit_Tests.CWXTDATE_Scenario_EOM_Tests.00007: Feb 28 LY No EOM" name="00006: Check for HIRE_YY">
      <error>Error encountered parsing field HIRE_YY</error>
    </testcase>
    <testcase classname="CWXTDATE_Unit_Tests.CWXTDATE_Scenario_EOM_Tests.00007: Feb 28 LY No EOM" name="00007: Check for HIRE_MM">
      <error>Error encountered parsing field HIRE_MM</error>
    </testcase>
    <testcase classname="CWXTDATE_Unit_Tests.CWXTDATE_Scenario_EOM_Tests.00007: Feb 28 LY No EOM" name="00008: Check for HIRE_DD">
      <error>Error encountered parsing field HIRE_DD</error>
    </testcase>
  </testsuite>
  <testsuite errors="8" failures="0" name="CWXTDATE_Unit_Tests.CWXTDATE_Scenario_EOM_Tests.00008: Feb 29 LY EOM" tests="8">
    <testcase classname="CWXTDATE_Unit_Tests.CWXTDATE_Scenario_EOM_Tests.00008: Feb 29 LY EOM" name="00001: Check for EOM_SW">
      <error>Error encountered parsing field EOM_SW</error>
    </testcase>
    <testcase classname="CWXTDATE_Unit_Tests.CWXTDATE_Scenario_EOM_Tests.00008: Feb 29 LY EOM" name="00002: Check for YRS_OF_SERVICE">
      <error>Error encountered parsing field YRS_OF_SERVICE</error>
    </testcase>
    <testcase classname="CWXTDATE_Unit_Tests.CWXTDATE_Scenario_EOM_Tests.00008: Feb 29 LY EOM" name="00003: Check for RUN_YY">
      <error>Error encountered parsing field RUN_YY</error>
    </testcase>
    <testcase classname="CWXTDATE_Unit_Tests.CWXTDATE_Scenario_EOM_Tests.00008: Feb 29 LY EOM" name="00004: Check for RUN_MM">
      <error>Error encountered parsing field RUN_MM</error>
    </testcase>
    <testcase classname="CWXTDATE_Unit_Tests.CWXTDATE_Scenario_EOM_Tests.00008: Feb 29 LY EOM" name="00005: Check for RUN_DD">
      <error>Error encountered parsing field RUN_DD</error>
    </testcase>
    <testcase classname="CWXTDATE_Unit_Tests.CWXTDATE_Scenario_EOM_Tests.00008: Feb 29 LY EOM" name="00006: Check for HIRE_YY">
      <error>Error encountered parsing field HIRE_YY</error>
    </testcase>
    <testcase classname="CWXTDATE_Unit_Tests.CWXTDATE_Scenario_EOM_Tests.00008: Feb 29 LY EOM" name="00007: Check for HIRE_MM">
      <error>Error encountered parsing field HIRE_MM</error>
    </testcase>
    <testcase classname="CWXTDATE_Unit_Tests.CWXTDATE_Scenario_EOM_Tests.00008: Feb 29 LY EOM" name="00008: Check for HIRE_DD">
      <error>Error encountered parsing field HIRE_DD</error>
    </testcase>
  </testsuite>
  <testsuite errors="8" failures="0" name="CWXTDATE_Unit_Tests.CWXTDATE_Scenario_EOM_Tests.00009: Mar 10 No EOM" tests="8">
    <testcase classname="CWXTDATE_Unit_Tests.CWXTDATE_Scenario_EOM_Tests.00009: Mar 10 No EOM" name="00001: Check for EOM_SW">
      <error>Error encountered parsing field EOM_SW</error>
    </testcase>
    <testcase classname="CWXTDATE_Unit_Tests.CWXTDATE_Scenario_EOM_Tests.00009: Mar 10 No EOM" name="00002: Check for YRS_OF_SERVICE">
      <error>Error encountered parsing field YRS_OF_SERVICE</error>
    </testcase>
    <testcase classname="CWXTDATE_Unit_Tests.CWXTDATE_Scenario_EOM_Tests.00009: Mar 10 No EOM" name="00003: Check for RUN_YY">
      <error>Error encountered parsing field RUN_YY</error>
    </testcase>
    <testcase classname="CWXTDATE_Unit_Tests.CWXTDATE_Scenario_EOM_Tests.00009: Mar 10 No EOM" name="00004: Check for RUN_MM">
      <error>Error encountered parsing field RUN_MM</error>
    </testcase>
    <testcase classname="CWXTDATE_Unit_Tests.CWXTDATE_Scenario_EOM_Tests.00009: Mar 10 No EOM" name="00005: Check for RUN_DD">
      <error>Error encountered parsing field RUN_DD</error>
    </testcase>
    <testcase classname="CWXTDATE_Unit_Tests.CWXTDATE_Scenario_EOM_Tests.00009: Mar 10 No EOM" name="00006: Check for HIRE_YY">
      <error>Error encountered parsing field HIRE_YY</error>
    </testcase>
    <testcase classname="CWXTDATE_Unit_Tests.CWXTDATE_Scenario_EOM_Tests.00009: Mar 10 No EOM" name="00007: Check for HIRE_MM">
      <error>Error encountered parsing field HIRE_MM</error>
    </testcase>
    <testcase classname="CWXTDATE_Unit_Tests.CWXTDATE_Scenario_EOM_Tests.00009: Mar 10 No EOM" name="00008: Check for HIRE_DD">
      <error>Error encountered parsing field HIRE_DD</error>
    </testcase>
  </testsuite>
  <testsuite errors="8" failures="0" name="CWXTDATE_Unit_Tests.CWXTDATE_Scenario_EOM_Tests.00010: Mar 30 No EOM" tests="8">
    <testcase classname="CWXTDATE_Unit_Tests.CWXTDATE_Scenario_EOM_Tests.00010: Mar 30 No EOM" name="00001: Check for EOM_SW">
      <error>Error encountered parsing field EOM_SW</error>
    </testcase>
    <testcase classname="CWXTDATE_Unit_Tests.CWXTDATE_Scenario_EOM_Tests.00010: Mar 30 No EOM" name="00002: Check for YRS_OF_SERVICE">
      <error>Error encountered parsing field YRS_OF_SERVICE</error>
    </testcase>
    <testcase classname="CWXTDATE_Unit_Tests.CWXTDATE_Scenario_EOM_Tests.00010: Mar 30 No EOM" name="00003: Check for RUN_YY">
      <error>Error encountered parsing field RUN_YY</error>
    </testcase>
    <testcase classname="CWXTDATE_Unit_Tests.CWXTDATE_Scenario_EOM_Tests.00010: Mar 30 No EOM" name="00004: Check for RUN_MM">
      <error>Error encountered parsing field RUN_MM</error>
    </testcase>
    <testcase classname="CWXTDATE_Unit_Tests.CWXTDATE_Scenario_EOM_Tests.00010: Mar 30 No EOM" name="00005: Check for RUN_DD">
      <error>Error encountered parsing field RUN_DD</error>
    </testcase>
    <testcase classname="CWXTDATE_Unit_Tests.CWXTDATE_Scenario_EOM_Tests.00010: Mar 30 No EOM" name="00006: Check for HIRE_YY">
      <error>Error encountered parsing field HIRE_YY</error>
    </testcase>
    <testcase classname="CWXTDATE_Unit_Tests.CWXTDATE_Scenario_EOM_Tests.00010: Mar 30 No EOM" name="00007: Check for HIRE_MM">
      <error>Error encountered parsing field HIRE_MM</error>
    </testcase>
    <testcase classname="CWXTDATE_Unit_Tests.CWXTDATE_Scenario_EOM_Tests.00010: Mar 30 No EOM" name="00008: Check for HIRE_DD">
      <error>Error encountered parsing field HIRE_DD</error>
    </testcase>
  </testsuite>
  <testsuite errors="8" failures="0" name="CWXTDATE_Unit_Tests.CWXTDATE_Scenario_EOM_Tests.00011: Mar 31 EOM" tests="8">
    <testcase classname="CWXTDATE_Unit_Tests.CWXTDATE_Scenario_EOM_Tests.00011: Mar 31 EOM" name="00001: Check for EOM_SW">
      <error>Error encountered parsing field EOM_SW</error>
    </testcase>
    <testcase classname="CWXTDATE_Unit_Tests.CWXTDATE_Scenario_EOM_Tests.00011: Mar 31 EOM" name="00002: Check for YRS_OF_SERVICE">
      <error>Error encountered parsing field YRS_OF_SERVICE</error>
    </testcase>
    <testcase classname="CWXTDATE_Unit_Tests.CWXTDATE_Scenario_EOM_Tests.00011: Mar 31 EOM" name="00003: Check for RUN_YY">
      <error>Error encountered parsing field RUN_YY</error>
    </testcase>
    <testcase classname="CWXTDATE_Unit_Tests.CWXTDATE_Scenario_EOM_Tests.00011: Mar 31 EOM" name="00004: Check for RUN_MM">
      <error>Error encountered parsing field RUN_MM</error>
    </testcase>
    <testcase classname="CWXTDATE_Unit_Tests.CWXTDATE_Scenario_EOM_Tests.00011: Mar 31 EOM" name="00005: Check for RUN_DD">
      <error>Error encountered parsing field RUN_DD</error>
    </testcase>
    <testcase classname="CWXTDATE_Unit_Tests.CWXTDATE_Scenario_EOM_Tests.00011: Mar 31 EOM" name="00006: Check for HIRE_YY">
      <error>Error encountered parsing field HIRE_YY</error>
    </testcase>
    <testcase classname="CWXTDATE_Unit_Tests.CWXTDATE_Scenario_EOM_Tests.00011: Mar 31 EOM" name="00007: Check for HIRE_MM">
      <error>Error encountered parsing field HIRE_MM</error>
    </testcase>
    <testcase classname="CWXTDATE_Unit_Tests.CWXTDATE_Scenario_EOM_Tests.00011: Mar 31 EOM" name="00008: Check for HIRE_DD">
      <error>Error encountered parsing field HIRE_DD</error>
    </testcase>
  </testsuite>
  <testsuite errors="8" failures="0" name="CWXTDATE_Unit_Tests.CWXTDATE_Scenario_EOM_Tests.00012: Apr 10 No EOM" tests="8">
    <testcase classname="CWXTDATE_Unit_Tests.CWXTDATE_Scenario_EOM_Tests.00012: Apr 10 No EOM" name="00001: Check for EOM_SW">
      <error>Error encountered parsing field EOM_SW</error>
    </testcase>
    <testcase classname="CWXTDATE_Unit_Tests.CWXTDATE_Scenario_EOM_Tests.00012: Apr 10 No EOM" name="00002: Check for YRS_OF_SERVICE">
      <error>Error encountered parsing field YRS_OF_SERVICE</error>
    </testcase>
    <testcase classname="CWXTDATE_Unit_Tests.CWXTDATE_Scenario_EOM_Tests.00012: Apr 10 No EOM" name="00003: Check for RUN_YY">
      <error>Error encountered parsing field RUN_YY</error>
    </testcase>
    <testcase classname="CWXTDATE_Unit_Tests.CWXTDATE_Scenario_EOM_Tests.00012: Apr 10 No EOM" name="00004: Check for RUN_MM">
      <error>Error encountered parsing field RUN_MM</error>
    </testcase>
    <testcase classname="CWXTDATE_Unit_Tests.CWXTDATE_Scenario_EOM_Tests.00012: Apr 10 No EOM" name="00005: Check for RUN_DD">
      <error>Error encountered parsing field RUN_DD</error>
    </testcase>
    <testcase classname="CWXTDATE_Unit_Tests.CWXTDATE_Scenario_EOM_Tests.00012: Apr 10 No EOM" name="00006: Check for HIRE_YY">
      <error>Error encountered parsing field HIRE_YY</error>
    </testcase>
    <testcase classname="CWXTDATE_Unit_Tests.CWXTDATE_Scenario_EOM_Tests.00012: Apr 10 No EOM" name="00007: Check for HIRE_MM">
      <error>Error encountered parsing field HIRE_MM</error>
    </testcase>
    <testcase classname="CWXTDATE_Unit_Tests.CWXTDATE_Scenario_EOM_Tests.00012: Apr 10 No EOM" name="00008: Check for HIRE_DD">
      <error>Error encountered parsing field HIRE_DD</error>
    </testcase>
  </testsuite>
  <testsuite errors="8" failures="0" name="CWXTDATE_Unit_Tests.CWXTDATE_Scenario_EOM_Tests.00013: Apr 29 No EOM" tests="8">
    <testcase classname="CWXTDATE_Unit_Tests.CWXTDATE_Scenario_EOM_Tests.00013: Apr 29 No EOM" name="00001: Check for EOM_SW">
      <error>Error encountered parsing field EOM_SW</error>
    </testcase>
    <testcase classname="CWXTDATE_Unit_Tests.CWXTDATE_Scenario_EOM_Tests.00013: Apr 29 No EOM" name="00002: Check for YRS_OF_SERVICE">
      <error>Error encountered parsing field YRS_OF_SERVICE</error>
    </testcase>
    <testcase classname="CWXTDATE_Unit_Tests.CWXTDATE_Scenario_EOM_Tests.00013: Apr 29 No EOM" name="00003: Check for RUN_YY">
      <error>Error encountered parsing field RUN_YY</error>
    </testcase>
    <testcase classname="CWXTDATE_Unit_Tests.CWXTDATE_Scenario_EOM_Tests.00013: Apr 29 No EOM" name="00004: Check for RUN_MM">
      <error>Error encountered parsing field RUN_MM</error>
    </testcase>
    <testcase classname="CWXTDATE_Unit_Tests.CWXTDATE_Scenario_EOM_Tests.00013: Apr 29 No EOM" name="00005: Check for RUN_DD">
      <error>Error encountered parsing field RUN_DD</error>
    </testcase>
    <testcase classname="CWXTDATE_Unit_Tests.CWXTDATE_Scenario_EOM_Tests.00013: Apr 29 No EOM" name="00006: Check for HIRE_YY">
      <error>Error encountered parsing field HIRE_YY</error>
    </testcase>
    <testcase classname="CWXTDATE_Unit_Tests.CWXTDATE_Scenario_EOM_Tests.00013: Apr 29 No EOM" name="00007: Check for HIRE_MM">
      <error>Error encountered parsing field HIRE_MM</error>
    </testcase>
    <testcase classname="CWXTDATE_Unit_Tests.CWXTDATE_Scenario_EOM_Tests.00013: Apr 29 No EOM" name="00008: Check for HIRE_DD">
      <error>Error encountered parsing field HIRE_DD</error>
    </testcase>
  </testsuite>
  <testsuite errors="8" failures="0" name="CWXTDATE_Unit_Tests.CWXTDATE_Scenario_EOM_Tests.00014: Apr 30 EOM" tests="8">
    <testcase classname="CWXTDATE_Unit_Tests.CWXTDATE_Scenario_EOM_Tests.00014: Apr 30 EOM" name="00001: Check for EOM_SW">
      <error>Error encountered parsing field EOM_SW</error>
    </testcase>
    <testcase classname="CWXTDATE_Unit_Tests.CWXTDATE_Scenario_EOM_Tests.00014: Apr 30 EOM" name="00002: Check for YRS_OF_SERVICE">
      <error>Error encountered parsing field YRS_OF_SERVICE</error>
    </testcase>
    <testcase classname="CWXTDATE_Unit_Tests.CWXTDATE_Scenario_EOM_Tests.00014: Apr 30 EOM" name="00003: Check for RUN_YY">
      <error>Error encountered parsing field RUN_YY</error>
    </testcase>
    <testcase classname="CWXTDATE_Unit_Tests.CWXTDATE_Scenario_EOM_Tests.00014: Apr 30 EOM" name="00004: Check for RUN_MM">
      <error>Error encountered parsing field RUN_MM</error>
    </testcase>
    <testcase classname="CWXTDATE_Unit_Tests.CWXTDATE_Scenario_EOM_Tests.00014: Apr 30 EOM" name="00005: Check for RUN_DD">
      <error>Error encountered parsing field RUN_DD</error>
    </testcase>
    <testcase classname="CWXTDATE_Unit_Tests.CWXTDATE_Scenario_EOM_Tests.00014: Apr 30 EOM" name="00006: Check for HIRE_YY">
      <error>Error encountered parsing field HIRE_YY</error>
    </testcase>
    <testcase classname="CWXTDATE_Unit_Tests.CWXTDATE_Scenario_EOM_Tests.00014: Apr 30 EOM" name="00007: Check for HIRE_MM">
      <error>Error encountered parsing field HIRE_MM</error>
    </testcase>
    <testcase classname="CWXTDATE_Unit_Tests.CWXTDATE_Scenario_EOM_Tests.00014: Apr 30 EOM" name="00008: Check for HIRE_DD">
      <error>Error encountered parsing field HIRE_DD</error>
    </testcase>
  </testsuite>
  <testsuite errors="8" failures="0" name="CWXTDATE_Unit_Tests.CWXTDATE_Scenario_EOM_Tests.00015: May 10 No EOM" tests="8">
    <testcase classname="CWXTDATE_Unit_Tests.CWXTDATE_Scenario_EOM_Tests.00015: May 10 No EOM" name="00001: Check for EOM_SW">
      <error>Error encountered parsing field EOM_SW</error>
    </testcase>
    <testcase classname="CWXTDATE_Unit_Tests.CWXTDATE_Scenario_EOM_Tests.00015: May 10 No EOM" name="00002: Check for YRS_OF_SERVICE">
      <error>Error encountered parsing field YRS_OF_SERVICE</error>
    </testcase>
    <testcase classname="CWXTDATE_Unit_Tests.CWXTDATE_Scenario_EOM_Tests.00015: May 10 No EOM" name="00003: Check for RUN_YY">
      <error>Error encountered parsing field RUN_YY</error>
    </testcase>
    <testcase classname="CWXTDATE_Unit_Tests.CWXTDATE_Scenario_EOM_Tests.00015: May 10 No EOM" name="00004: Check for RUN_MM">
      <error>Error encountered parsing field RUN_MM</error>
    </testcase>
    <testcase classname="CWXTDATE_Unit_Tests.CWXTDATE_Scenario_EOM_Tests.00015: May 10 No EOM" name="00005: Check for RUN_DD">
      <error>Error encountered parsing field RUN_DD</error>
    </testcase>
    <testcase classname="CWXTDATE_Unit_Tests.CWXTDATE_Scenario_EOM_Tests.00015: May 10 No EOM" name="00006: Check for HIRE_YY">
      <error>Error encountered parsing field HIRE_YY</error>
    </testcase>
    <testcase classname="CWXTDATE_Unit_Tests.CWXTDATE_Scenario_EOM_Tests.00015: May 10 No EOM" name="00007: Check for HIRE_MM">
      <error>Error encountered parsing field HIRE_MM</error>
    </testcase>
    <testcase classname="CWXTDATE_Unit_Tests.CWXTDATE_Scenario_EOM_Tests.00015: May 10 No EOM" name="00008: Check for HIRE_DD">
      <error>Error encountered parsing field HIRE_DD</error>
    </testcase>
  </testsuite>
  <testsuite errors="8" failures="0" name="CWXTDATE_Unit_Tests.CWXTDATE_Scenario_EOM_Tests.00016: May 30 No EOM" tests="8">
    <testcase classname="CWXTDATE_Unit_Tests.CWXTDATE_Scenario_EOM_Tests.00016: May 30 No EOM" name="00001: Check for EOM_SW">
      <error>Error encountered parsing field EOM_SW</error>
    </testcase>
    <testcase classname="CWXTDATE_Unit_Tests.CWXTDATE_Scenario_EOM_Tests.00016: May 30 No EOM" name="00002: Check for YRS_OF_SERVICE">
      <error>Error encountered parsing field YRS_OF_SERVICE</error>
    </testcase>
    <testcase classname="CWXTDATE_Unit_Tests.CWXTDATE_Scenario_EOM_Tests.00016: May 30 No EOM" name="00003: Check for RUN_YY">
      <error>Error encountered parsing field RUN_YY</error>
    </testcase>
    <testcase classname="CWXTDATE_Unit_Tests.CWXTDATE_Scenario_EOM_Tests.00016: May 30 No EOM" name="00004: Check for RUN_MM">
      <error>Error encountered parsing field RUN_MM</error>
    </testcase>
    <testcase classname="CWXTDATE_Unit_Tests.CWXTDATE_Scenario_EOM_Tests.00016: May 30 No EOM" name="00005: Check for RUN_DD">
      <error>Error encountered parsing field RUN_DD</error>
    </testcase>
    <testcase classname="CWXTDATE_Unit_Tests.CWXTDATE_Scenario_EOM_Tests.00016: May 30 No EOM" name="00006: Check for HIRE_YY">
      <error>Error encountered parsing field HIRE_YY</error>
    </testcase>
    <testcase classname="CWXTDATE_Unit_Tests.CWXTDATE_Scenario_EOM_Tests.00016: May 30 No EOM" name="00007: Check for HIRE_MM">
      <error>Error encountered parsing field HIRE_MM</error>
    </testcase>
    <testcase classname="CWXTDATE_Unit_Tests.CWXTDATE_Scenario_EOM_Tests.00016: May 30 No EOM" name="00008: Check for HIRE_DD">
      <error>Error encountered parsing field HIRE_DD</error>
    </testcase>
  </testsuite>
  <testsuite errors="8" failures="0" name="CWXTDATE_Unit_Tests.CWXTDATE_Scenario_EOM_Tests.00017: May 31 EOM" tests="8">
    <testcase classname="CWXTDATE_Unit_Tests.CWXTDATE_Scenario_EOM_Tests.00017: May 31 EOM" name="00001: Check for EOM_SW">
      <error>Error encountered parsing field EOM_SW</error>
    </testcase>
    <testcase classname="CWXTDATE_Unit_Tests.CWXTDATE_Scenario_EOM_Tests.00017: May 31 EOM" name="00002: Check for YRS_OF_SERVICE">
      <error>Error encountered parsing field YRS_OF_SERVICE</error>
    </testcase>
    <testcase classname="CWXTDATE_Unit_Tests.CWXTDATE_Scenario_EOM_Tests.00017: May 31 EOM" name="00003: Check for RUN_YY">
      <error>Error encountered parsing field RUN_YY</error>
    </testcase>
    <testcase classname="CWXTDATE_Unit_Tests.CWXTDATE_Scenario_EOM_Tests.00017: May 31 EOM" name="00004: Check for RUN_MM">
      <error>Error encountered parsing field RUN_MM</error>
    </testcase>
    <testcase classname="CWXTDATE_Unit_Tests.CWXTDATE_Scenario_EOM_Tests.00017: May 31 EOM" name="00005: Check for RUN_DD">
      <error>Error encountered parsing field RUN_DD</error>
    </testcase>
    <testcase classname="CWXTDATE_Unit_Tests.CWXTDATE_Scenario_EOM_Tests.00017: May 31 EOM" name="00006: Check for HIRE_YY">
      <error>Error encountered parsing field HIRE_YY</error>
    </testcase>
    <testcase classname="CWXTDATE_Unit_Tests.CWXTDATE_Scenario_EOM_Tests.00017: May 31 EOM" name="00007: Check for HIRE_MM">
      <error>Error encountered parsing field HIRE_MM</error>
    </testcase>
    <testcase classname="CWXTDATE_Unit_Tests.CWXTDATE_Scenario_EOM_Tests.00017: May 31 EOM" name="00008: Check for HIRE_DD">
      <error>Error encountered parsing field HIRE_DD</error>
    </testcase>
  </testsuite>
  <testsuite errors="8" failures="0" name="CWXTDATE_Unit_Tests.CWXTDATE_Scenario_EOM_Tests.00018: Jun 10 No EOM" tests="8">
    <testcase classname="CWXTDATE_Unit_Tests.CWXTDATE_Scenario_EOM_Tests.00018: Jun 10 No EOM" name="00001: Check for EOM_SW">
      <error>Error encountered parsing field EOM_SW</error>
    </testcase>
    <testcase classname="CWXTDATE_Unit_Tests.CWXTDATE_Scenario_EOM_Tests.00018: Jun 10 No EOM" name="00002: Check for YRS_OF_SERVICE">
      <error>Error encountered parsing field YRS_OF_SERVICE</error>
    </testcase>
    <testcase classname="CWXTDATE_Unit_Tests.CWXTDATE_Scenario_EOM_Tests.00018: Jun 10 No EOM" name="00003: Check for RUN_YY">
      <error>Error encountered parsing field RUN_YY</error>
    </testcase>
    <testcase classname="CWXTDATE_Unit_Tests.CWXTDATE_Scenario_EOM_Tests.00018: Jun 10 No EOM" name="00004: Check for RUN_MM">
      <error>Error encountered parsing field RUN_MM</error>
    </testcase>
    <testcase classname="CWXTDATE_Unit_Tests.CWXTDATE_Scenario_EOM_Tests.00018: Jun 10 No EOM" name="00005: Check for RUN_DD">
      <error>Error encountered parsing field RUN_DD</error>
    </testcase>
    <testcase classname="CWXTDATE_Unit_Tests.CWXTDATE_Scenario_EOM_Tests.00018: Jun 10 No EOM" name="00006: Check for HIRE_YY">
      <error>Error encountered parsing field HIRE_YY</error>
    </testcase>
    <testcase classname="CWXTDATE_Unit_Tests.CWXTDATE_Scenario_EOM_Tests.00018: Jun 10 No EOM" name="00007: Check for HIRE_MM">
      <error>Error encountered parsing field HIRE_MM</error>
    </testcase>
    <testcase classname="CWXTDATE_Unit_Tests.CWXTDATE_Scenario_EOM_Tests.00018: Jun 10 No EOM" name="00008: Check for HIRE_DD">
      <error>Error encountered parsing field HIRE_DD</error>
    </testcase>
  </testsuite>
  <testsuite errors="8" failures="0" name="CWXTDATE_Unit_Tests.CWXTDATE_Scenario_EOM_Tests.00019: Jun 29 No EOM" tests="8">
    <testcase classname="CWXTDATE_Unit_Tests.CWXTDATE_Scenario_EOM_Tests.00019: Jun 29 No EOM" name="00001: Check for EOM_SW">
      <error>Error encountered parsing field EOM_SW</error>
    </testcase>
    <testcase classname="CWXTDATE_Unit_Tests.CWXTDATE_Scenario_EOM_Tests.00019: Jun 29 No EOM" name="00002: Check for YRS_OF_SERVICE">
      <error>Error encountered parsing field YRS_OF_SERVICE</error>
    </testcase>
    <testcase classname="CWXTDATE_Unit_Tests.CWXTDATE_Scenario_EOM_Tests.00019: Jun 29 No EOM" name="00003: Check for RUN_YY">
      <error>Error encountered parsing field RUN_YY</error>
    </testcase>
    <testcase classname="CWXTDATE_Unit_Tests.CWXTDATE_Scenario_EOM_Tests.00019: Jun 29 No EOM" name="00004: Check for RUN_MM">
      <error>Error encountered parsing field RUN_MM</error>
    </testcase>
    <testcase classname="CWXTDATE_Unit_Tests.CWXTDATE_Scenario_EOM_Tests.00019: Jun 29 No EOM" name="00005: Check for RUN_DD">
      <error>Error encountered parsing field RUN_DD</error>
    </testcase>
    <testcase classname="CWXTDATE_Unit_Tests.CWXTDATE_Scenario_EOM_Tests.00019: Jun 29 No EOM" name="00006: Check for HIRE_YY">
      <error>Error encountered parsing field HIRE_YY</error>
    </testcase>
    <testcase classname="CWXTDATE_Unit_Tests.CWXTDATE_Scenario_EOM_Tests.00019: Jun 29 No EOM" name="00007: Check for HIRE_MM">
      <error>Error encountered parsing field HIRE_MM</error>
    </testcase>
    <testcase classname="CWXTDATE_Unit_Tests.CWXTDATE_Scenario_EOM_Tests.00019: Jun 29 No EOM" name="00008: Check for HIRE_DD">
      <error>Error encountered parsing field HIRE_DD</error>
    </testcase>
  </testsuite>
  <testsuite errors="8" failures="0" name="CWXTDATE_Unit_Tests.CWXTDATE_Scenario_EOM_Tests.00020: Jun 30 EOM" tests="8">
    <testcase classname="CWXTDATE_Unit_Tests.CWXTDATE_Scenario_EOM_Tests.00020: Jun 30 EOM" name="00001: Check for EOM_SW">
      <error>Error encountered parsing field EOM_SW</error>
    </testcase>
    <testcase classname="CWXTDATE_Unit_Tests.CWXTDATE_Scenario_EOM_Tests.00020: Jun 30 EOM" name="00002: Check for YRS_OF_SERVICE">
      <error>Error encountered parsing field YRS_OF_SERVICE</error>
    </testcase>
    <testcase classname="CWXTDATE_Unit_Tests.CWXTDATE_Scenario_EOM_Tests.00020: Jun 30 EOM" name="00003: Check for RUN_YY">
      <error>Error encountered parsing field RUN_YY</error>
    </testcase>
    <testcase classname="CWXTDATE_Unit_Tests.CWXTDATE_Scenario_EOM_Tests.00020: Jun 30 EOM" name="00004: Check for RUN_MM">
      <error>Error encountered parsing field RUN_MM</error>
    </testcase>
    <testcase classname="CWXTDATE_Unit_Tests.CWXTDATE_Scenario_EOM_Tests.00020: Jun 30 EOM" name="00005: Check for RUN_DD">
      <error>Error encountered parsing field RUN_DD</error>
    </testcase>
    <testcase classname="CWXTDATE_Unit_Tests.CWXTDATE_Scenario_EOM_Tests.00020: Jun 30 EOM" name="00006: Check for HIRE_YY">
      <error>Error encountered parsing field HIRE_YY</error>
    </testcase>
    <testcase classname="CWXTDATE_Unit_Tests.CWXTDATE_Scenario_EOM_Tests.00020: Jun 30 EOM" name="00007: Check for HIRE_MM">
      <error>Error encountered parsing field HIRE_MM</error>
    </testcase>
    <testcase classname="CWXTDATE_Unit_Tests.CWXTDATE_Scenario_EOM_Tests.00020: Jun 30 EOM" name="00008: Check for HIRE_DD">
      <error>Error encountered parsing field HIRE_DD</error>
    </testcase>
  </testsuite>
  <testsuite errors="8" failures="0" name="CWXTDATE_Unit_Tests.CWXTDATE_Scenario_EOM_Tests.00021: Jul 10 No EOM" tests="8">
    <testcase classname="CWXTDATE_Unit_Tests.CWXTDATE_Scenario_EOM_Tests.00021: Jul 10 No EOM" name="00001: Check for EOM_SW">
      <error>Error encountered parsing field EOM_SW</error>
    </testcase>
    <testcase classname="CWXTDATE_Unit_Tests.CWXTDATE_Scenario_EOM_Tests.00021: Jul 10 No EOM" name="00002: Check for YRS_OF_SERVICE">
      <error>Error encountered parsing field YRS_OF_SERVICE</error>
    </testcase>
    <testcase classname="CWXTDATE_Unit_Tests.CWXTDATE_Scenario_EOM_Tests.00021: Jul 10 No EOM" name="00003: Check for RUN_YY">
      <error>Error encountered parsing field RUN_YY</error>
    </testcase>
    <testcase classname="CWXTDATE_Unit_Tests.CWXTDATE_Scenario_EOM_Tests.00021: Jul 10 No EOM" name="00004: Check for RUN_MM">
      <error>Error encountered parsing field RUN_MM</error>
    </testcase>
    <testcase classname="CWXTDATE_Unit_Tests.CWXTDATE_Scenario_EOM_Tests.00021: Jul 10 No EOM" name="00005: Check for RUN_DD">
      <error>Error encountered parsing field RUN_DD</error>
    </testcase>
    <testcase classname="CWXTDATE_Unit_Tests.CWXTDATE_Scenario_EOM_Tests.00021: Jul 10 No EOM" name="00006: Check for HIRE_YY">
      <error>Error encountered parsing field HIRE_YY</error>
    </testcase>
    <testcase classname="CWXTDATE_Unit_Tests.CWXTDATE_Scenario_EOM_Tests.00021: Jul 10 No EOM" name="00007: Check for HIRE_MM">
      <error>Error encountered parsing field HIRE_MM</error>
    </testcase>
    <testcase classname="CWXTDATE_Unit_Tests.CWXTDATE_Scenario_EOM_Tests.00021: Jul 10 No EOM" name="00008: Check for HIRE_DD">
      <error>Error encountered parsing field HIRE_DD</error>
    </testcase>
  </testsuite>
  <testsuite errors="8" failures="0" name="CWXTDATE_Unit_Tests.CWXTDATE_Scenario_EOM_Tests.00022: Jul 30 No EOM" tests="8">
    <testcase classname="CWXTDATE_Unit_Tests.CWXTDATE_Scenario_EOM_Tests.00022: Jul 30 No EOM" name="00001: Check for EOM_SW">
      <error>Error encountered parsing field EOM_SW</error>
    </testcase>
    <testcase classname="CWXTDATE_Unit_Tests.CWXTDATE_Scenario_EOM_Tests.00022: Jul 30 No EOM" name="00002: Check for YRS_OF_SERVICE">
      <error>Error encountered parsing field YRS_OF_SERVICE</error>
    </testcase>
    <testcase classname="CWXTDATE_Unit_Tests.CWXTDATE_Scenario_EOM_Tests.00022: Jul 30 No EOM" name="00003: Check for RUN_YY">
      <error>Error encountered parsing field RUN_YY</error>
    </testcase>
    <testcase classname="CWXTDATE_Unit_Tests.CWXTDATE_Scenario_EOM_Tests.00022: Jul 30 No EOM" name="00004: Check for RUN_MM">
      <error>Error encountered parsing field RUN_MM</error>
    </testcase>
    <testcase classname="CWXTDATE_Unit_Tests.CWXTDATE_Scenario_EOM_Tests.00022: Jul 30 No EOM" name="00005: Check for RUN_DD">
      <error>Error encountered parsing field RUN_DD</error>
    </testcase>
    <testcase classname="CWXTDATE_Unit_Tests.CWXTDATE_Scenario_EOM_Tests.00022: Jul 30 No EOM" name="00006: Check for HIRE_YY">
      <error>Error encountered parsing field HIRE_YY</error>
    </testcase>
    <testcase classname="CWXTDATE_Unit_Tests.CWXTDATE_Scenario_EOM_Tests.00022: Jul 30 No EOM" name="00007: Check for HIRE_MM">
      <error>Error encountered parsing field HIRE_MM</error>
    </testcase>
    <testcase classname="CWXTDATE_Unit_Tests.CWXTDATE_Scenario_EOM_Tests.00022: Jul 30 No EOM" name="00008: Check for HIRE_DD">
      <error>Error encountered parsing field HIRE_DD</error>
    </testcase>
  </testsuite>
  <testsuite errors="8" failures="0" name="CWXTDATE_Unit_Tests.CWXTDATE_Scenario_EOM_Tests.00023: Jul 31 EOM" tests="8">
    <testcase classname="CWXTDATE_Unit_Tests.CWXTDATE_Scenario_EOM_Tests.00023: Jul 31 EOM" name="00001: Check for EOM_SW">
      <error>Error encountered parsing field EOM_SW</error>
    </testcase>
    <testcase classname="CWXTDATE_Unit_Tests.CWXTDATE_Scenario_EOM_Tests.00023: Jul 31 EOM" name="00002: Check for YRS_OF_SERVICE">
      <error>Error encountered parsing field YRS_OF_SERVICE</error>
    </testcase>
    <testcase classname="CWXTDATE_Unit_Tests.CWXTDATE_Scenario_EOM_Tests.00023: Jul 31 EOM" name="00003: Check for RUN_YY">
      <error>Error encountered parsing field RUN_YY</error>
    </testcase>
    <testcase classname="CWXTDATE_Unit_Tests.CWXTDATE_Scenario_EOM_Tests.00023: Jul 31 EOM" name="00004: Check for RUN_MM">
      <error>Error encountered parsing field RUN_MM</error>
    </testcase>
    <testcase classname="CWXTDATE_Unit_Tests.CWXTDATE_Scenario_EOM_Tests.00023: Jul 31 EOM" name="00005: Check for RUN_DD">
      <error>Error encountered parsing field RUN_DD</error>
    </testcase>
    <testcase classname="CWXTDATE_Unit_Tests.CWXTDATE_Scenario_EOM_Tests.00023: Jul 31 EOM" name="00006: Check for HIRE_YY">
      <error>Error encountered parsing field HIRE_YY</error>
    </testcase>
    <testcase classname="CWXTDATE_Unit_Tests.CWXTDATE_Scenario_EOM_Tests.00023: Jul 31 EOM" name="00007: Check for HIRE_MM">
      <error>Error encountered parsing field HIRE_MM</error>
    </testcase>
    <testcase classname="CWXTDATE_Unit_Tests.CWXTDATE_Scenario_EOM_Tests.00023: Jul 31 EOM" name="00008: Check for HIRE_DD">
      <error>Error encountered parsing field HIRE_DD</error>
    </testcase>
  </testsuite>
  <testsuite errors="8" failures="0" name="CWXTDATE_Unit_Tests.CWXTDATE_Scenario_EOM_Tests.00024: Aug 10 No EOM" tests="8">
    <testcase classname="CWXTDATE_Unit_Tests.CWXTDATE_Scenario_EOM_Tests.00024: Aug 10 No EOM" name="00001: Check for EOM_SW">
      <error>Error encountered parsing field EOM_SW</error>
    </testcase>
    <testcase classname="CWXTDATE_Unit_Tests.CWXTDATE_Scenario_EOM_Tests.00024: Aug 10 No EOM" name="00002: Check for YRS_OF_SERVICE">
      <error>Error encountered parsing field YRS_OF_SERVICE</error>
    </testcase>
    <testcase classname="CWXTDATE_Unit_Tests.CWXTDATE_Scenario_EOM_Tests.00024: Aug 10 No EOM" name="00003: Check for RUN_YY">
      <error>Error encountered parsing field RUN_YY</error>
    </testcase>
    <testcase classname="CWXTDATE_Unit_Tests.CWXTDATE_Scenario_EOM_Tests.00024: Aug 10 No EOM" name="00004: Check for RUN_MM">
      <error>Error encountered parsing field RUN_MM</error>
    </testcase>
    <testcase classname="CWXTDATE_Unit_Tests.CWXTDATE_Scenario_EOM_Tests.00024: Aug 10 No EOM" name="00005: Check for RUN_DD">
      <error>Error encountered parsing field RUN_DD</error>
    </testcase>
    <testcase classname="CWXTDATE_Unit_Tests.CWXTDATE_Scenario_EOM_Tests.00024: Aug 10 No EOM" name="00006: Check for HIRE_YY">
      <error>Error encountered parsing field HIRE_YY</error>
    </testcase>
    <testcase classname="CWXTDATE_Unit_Tests.CWXTDATE_Scenario_EOM_Tests.00024: Aug 10 No EOM" name="00007: Check for HIRE_MM">
      <error>Error encountered parsing field HIRE_MM</error>
    </testcase>
    <testcase classname="CWXTDATE_Unit_Tests.CWXTDATE_Scenario_EOM_Tests.00024: Aug 10 No EOM" name="00008: Check for HIRE_DD">
      <error>Error encountered parsing field HIRE_DD</error>
    </testcase>
  </testsuite>
  <testsuite errors="8" failures="0" name="CWXTDATE_Unit_Tests.CWXTDATE_Scenario_EOM_Tests.00025: Aug 30 No EOM" tests="8">
    <testcase classname="CWXTDATE_Unit_Tests.CWXTDATE_Scenario_EOM_Tests.00025: Aug 30 No EOM" name="00001: Check for EOM_SW">
      <error>Error encountered parsing field EOM_SW</error>
    </testcase>
    <testcase classname="CWXTDATE_Unit_Tests.CWXTDATE_Scenario_EOM_Tests.00025: Aug 30 No EOM" name="00002: Check for YRS_OF_SERVICE">
      <error>Error encountered parsing field YRS_OF_SERVICE</error>
    </testcase>
    <testcase classname="CWXTDATE_Unit_Tests.CWXTDATE_Scenario_EOM_Tests.00025: Aug 30 No EOM" name="00003: Check for RUN_YY">
      <error>Error encountered parsing field RUN_YY</error>
    </testcase>
    <testcase classname="CWXTDATE_Unit_Tests.CWXTDATE_Scenario_EOM_Tests.00025: Aug 30 No EOM" name="00004: Check for RUN_MM">
      <error>Error encountered parsing field RUN_MM</error>
    </testcase>
    <testcase classname="CWXTDATE_Unit_Tests.CWXTDATE_Scenario_EOM_Tests.00025: Aug 30 No EOM" name="00005: Check for RUN_DD">
      <error>Error encountered parsing field RUN_DD</error>
    </testcase>
    <testcase classname="CWXTDATE_Unit_Tests.CWXTDATE_Scenario_EOM_Tests.00025: Aug 30 No EOM" name="00006: Check for HIRE_YY">
      <error>Error encountered parsing field HIRE_YY</error>
    </testcase>
    <testcase classname="CWXTDATE_Unit_Tests.CWXTDATE_Scenario_EOM_Tests.00025: Aug 30 No EOM" name="00007: Check for HIRE_MM">
      <error>Error encountered parsing field HIRE_MM</error>
    </testcase>
    <testcase classname="CWXTDATE_Unit_Tests.CWXTDATE_Scenario_EOM_Tests.00025: Aug 30 No EOM" name="00008: Check for HIRE_DD">
      <error>Error encountered parsing field HIRE_DD</error>
    </testcase>
  </testsuite>
  <testsuite errors="8" failures="0" name="CWXTDATE_Unit_Tests.CWXTDATE_Scenario_EOM_Tests.00026: Aug 31 EOM" tests="8">
    <testcase classname="CWXTDATE_Unit_Tests.CWXTDATE_Scenario_EOM_Tests.00026: Aug 31 EOM" name="00001: Check for EOM_SW">
      <error>Error encountered parsing field EOM_SW</error>
    </testcase>
    <testcase classname="CWXTDATE_Unit_Tests.CWXTDATE_Scenario_EOM_Tests.00026: Aug 31 EOM" name="00002: Check for YRS_OF_SERVICE">
      <error>Error encountered parsing field YRS_OF_SERVICE</error>
    </testcase>
    <testcase classname="CWXTDATE_Unit_Tests.CWXTDATE_Scenario_EOM_Tests.00026: Aug 31 EOM" name="00003: Check for RUN_YY">
      <error>Error encountered parsing field RUN_YY</error>
    </testcase>
    <testcase classname="CWXTDATE_Unit_Tests.CWXTDATE_Scenario_EOM_Tests.00026: Aug 31 EOM" name="00004: Check for RUN_MM">
      <error>Error encountered parsing field RUN_MM</error>
    </testcase>
    <testcase classname="CWXTDATE_Unit_Tests.CWXTDATE_Scenario_EOM_Tests.00026: Aug 31 EOM" name="00005: Check for RUN_DD">
      <error>Error encountered parsing field RUN_DD</error>
    </testcase>
    <testcase classname="CWXTDATE_Unit_Tests.CWXTDATE_Scenario_EOM_Tests.00026: Aug 31 EOM" name="00006: Check for HIRE_YY">
      <error>Error encountered parsing field HIRE_YY</error>
    </testcase>
    <testcase classname="CWXTDATE_Unit_Tests.CWXTDATE_Scenario_EOM_Tests.00026: Aug 31 EOM" name="00007: Check for HIRE_MM">
      <error>Error encountered parsing field HIRE_MM</error>
    </testcase>
    <testcase classname="CWXTDATE_Unit_Tests.CWXTDATE_Scenario_EOM_Tests.00026: Aug 31 EOM" name="00008: Check for HIRE_DD">
      <error>Error encountered parsing field HIRE_DD</error>
    </testcase>
  </testsuite>
  <testsuite errors="8" failures="0" name="CWXTDATE_Unit_Tests.CWXTDATE_Scenario_EOM_Tests.00027: Sep 10 No EOM" tests="8">
    <testcase classname="CWXTDATE_Unit_Tests.CWXTDATE_Scenario_EOM_Tests.00027: Sep 10 No EOM" name="00001: Check for EOM_SW">
      <error>Error encountered parsing field EOM_SW</error>
    </testcase>
    <testcase classname="CWXTDATE_Unit_Tests.CWXTDATE_Scenario_EOM_Tests.00027: Sep 10 No EOM" name="00002: Check for YRS_OF_SERVICE">
      <error>Error encountered parsing field YRS_OF_SERVICE</error>
    </testcase>
    <testcase classname="CWXTDATE_Unit_Tests.CWXTDATE_Scenario_EOM_Tests.00027: Sep 10 No EOM" name="00003: Check for RUN_YY">
      <error>Error encountered parsing field RUN_YY</error>
    </testcase>
    <testcase classname="CWXTDATE_Unit_Tests.CWXTDATE_Scenario_EOM_Tests.00027: Sep 10 No EOM" name="00004: Check for RUN_MM">
      <error>Error encountered parsing field RUN_MM</error>
    </testcase>
    <testcase classname="CWXTDATE_Unit_Tests.CWXTDATE_Scenario_EOM_Tests.00027: Sep 10 No EOM" name="00005: Check for RUN_DD">
      <error>Error encountered parsing field RUN_DD</error>
    </testcase>
    <testcase classname="CWXTDATE_Unit_Tests.CWXTDATE_Scenario_EOM_Tests.00027: Sep 10 No EOM" name="00006: Check for HIRE_YY">
      <error>Error encountered parsing field HIRE_YY</error>
    </testcase>
    <testcase classname="CWXTDATE_Unit_Tests.CWXTDATE_Scenario_EOM_Tests.00027: Sep 10 No EOM" name="00007: Check for HIRE_MM">
      <error>Error encountered parsing field HIRE_MM</error>
    </testcase>
    <testcase classname="CWXTDATE_Unit_Tests.CWXTDATE_Scenario_EOM_Tests.00027: Sep 10 No EOM" name="00008: Check for HIRE_DD">
      <error>Error encountered parsing field HIRE_DD</error>
    </testcase>
  </testsuite>
  <testsuite errors="8" failures="0" name="CWXTDATE_Unit_Tests.CWXTDATE_Scenario_EOM_Tests.00028: Sep 29 No EOM" tests="8">
    <testcase classname="CWXTDATE_Unit_Tests.CWXTDATE_Scenario_EOM_Tests.00028: Sep 29 No EOM" name="00001: Check for EOM_SW">
      <error>Error encountered parsing field EOM_SW</error>
    </testcase>
    <testcase classname="CWXTDATE_Unit_Tests.CWXTDATE_Scenario_EOM_Tests.00028: Sep 29 No EOM" name="00002: Check for YRS_OF_SERVICE">
      <error>Error encountered parsing field YRS_OF_SERVICE</error>
    </testcase>
    <testcase classname="CWXTDATE_Unit_Tests.CWXTDATE_Scenario_EOM_Tests.00028: Sep 29 No EOM" name="00003: Check for RUN_YY">
      <error>Error encountered parsing field RUN_YY</error>
    </testcase>
    <testcase classname="CWXTDATE_Unit_Tests.CWXTDATE_Scenario_EOM_Tests.00028: Sep 29 No EOM" name="00004: Check for RUN_MM">
      <error>Error encountered parsing field RUN_MM</error>
    </testcase>
    <testcase classname="CWXTDATE_Unit_Tests.CWXTDATE_Scenario_EOM_Tests.00028: Sep 29 No EOM" name="00005: Check for RUN_DD">
      <error>Error encountered parsing field RUN_DD</error>
    </testcase>
    <testcase classname="CWXTDATE_Unit_Tests.CWXTDATE_Scenario_EOM_Tests.00028: Sep 29 No EOM" name="00006: Check for HIRE_YY">
      <error>Error encountered parsing field HIRE_YY</error>
    </testcase>
    <testcase classname="CWXTDATE_Unit_Tests.CWXTDATE_Scenario_EOM_Tests.00028: Sep 29 No EOM" name="00007: Check for HIRE_MM">
      <error>Error encountered parsing field HIRE_MM</error>
    </testcase>
    <testcase classname="CWXTDATE_Unit_Tests.CWXTDATE_Scenario_EOM_Tests.00028: Sep 29 No EOM" name="00008: Check for HIRE_DD">
      <error>Error encountered parsing field HIRE_DD</error>
    </testcase>
  </testsuite>
  <testsuite errors="8" failures="0" name="CWXTDATE_Unit_Tests.CWXTDATE_Scenario_EOM_Tests.00029: Sep 30 EOM" tests="8">
    <testcase classname="CWXTDATE_Unit_Tests.CWXTDATE_Scenario_EOM_Tests.00029: Sep 30 EOM" name="00001: Check for EOM_SW">
      <error>Error encountered parsing field EOM_SW</error>
    </testcase>
    <testcase classname="CWXTDATE_Unit_Tests.CWXTDATE_Scenario_EOM_Tests.00029: Sep 30 EOM" name="00002: Check for YRS_OF_SERVICE">
      <error>Error encountered parsing field YRS_OF_SERVICE</error>
    </testcase>
    <testcase classname="CWXTDATE_Unit_Tests.CWXTDATE_Scenario_EOM_Tests.00029: Sep 30 EOM" name="00003: Check for RUN_YY">
      <error>Error encountered parsing field RUN_YY</error>
    </testcase>
    <testcase classname="CWXTDATE_Unit_Tests.CWXTDATE_Scenario_EOM_Tests.00029: Sep 30 EOM" name="00004: Check for RUN_MM">
      <error>Error encountered parsing field RUN_MM</error>
    </testcase>
    <testcase classname="CWXTDATE_Unit_Tests.CWXTDATE_Scenario_EOM_Tests.00029: Sep 30 EOM" name="00005: Check for RUN_DD">
      <error>Error encountered parsing field RUN_DD</error>
    </testcase>
    <testcase classname="CWXTDATE_Unit_Tests.CWXTDATE_Scenario_EOM_Tests.00029: Sep 30 EOM" name="00006: Check for HIRE_YY">
      <error>Error encountered parsing field HIRE_YY</error>
    </testcase>
    <testcase classname="CWXTDATE_Unit_Tests.CWXTDATE_Scenario_EOM_Tests.00029: Sep 30 EOM" name="00007: Check for HIRE_MM">
      <error>Error encountered parsing field HIRE_MM</error>
    </testcase>
    <testcase classname="CWXTDATE_Unit_Tests.CWXTDATE_Scenario_EOM_Tests.00029: Sep 30 EOM" name="00008: Check for HIRE_DD">
      <error>Error encountered parsing field HIRE_DD</error>
    </testcase>
  </testsuite>
  <testsuite errors="8" failures="0" name="CWXTDATE_Unit_Tests.CWXTDATE_Scenario_EOM_Tests.00030: Oct 10 No EOM" tests="8">
    <testcase classname="CWXTDATE_Unit_Tests.CWXTDATE_Scenario_EOM_Tests.00030: Oct 10 No EOM" name="00001: Check for EOM_SW">
      <error>Error encountered parsing field EOM_SW</error>
    </testcase>
    <testcase classname="CWXTDATE_Unit_Tests.CWXTDATE_Scenario_EOM_Tests.00030: Oct 10 No EOM" name="00002: Check for YRS_OF_SERVICE">
      <error>Error encountered parsing field YRS_OF_SERVICE</error>
    </testcase>
    <testcase classname="CWXTDATE_Unit_Tests.CWXTDATE_Scenario_EOM_Tests.00030: Oct 10 No EOM" name="00003: Check for RUN_YY">
      <error>Error encountered parsing field RUN_YY</error>
    </testcase>
    <testcase classname="CWXTDATE_Unit_Tests.CWXTDATE_Scenario_EOM_Tests.00030: Oct 10 No EOM" name="00004: Check for RUN_MM">
      <error>Error encountered parsing field RUN_MM</error>
    </testcase>
    <testcase classname="CWXTDATE_Unit_Tests.CWXTDATE_Scenario_EOM_Tests.00030: Oct 10 No EOM" name="00005: Check for RUN_DD">
      <error>Error encountered parsing field RUN_DD</error>
    </testcase>
    <testcase classname="CWXTDATE_Unit_Tests.CWXTDATE_Scenario_EOM_Tests.00030: Oct 10 No EOM" name="00006: Check for HIRE_YY">
      <error>Error encountered parsing field HIRE_YY</error>
    </testcase>
    <testcase classname="CWXTDATE_Unit_Tests.CWXTDATE_Scenario_EOM_Tests.00030: Oct 10 No EOM" name="00007: Check for HIRE_MM">
      <error>Error encountered parsing field HIRE_MM</error>
    </testcase>
    <testcase classname="CWXTDATE_Unit_Tests.CWXTDATE_Scenario_EOM_Tests.00030: Oct 10 No EOM" name="00008: Check for HIRE_DD">
      <error>Error encountered parsing field HIRE_DD</error>
    </testcase>
  </testsuite>
  <testsuite errors="8" failures="0" name="CWXTDATE_Unit_Tests.CWXTDATE_Scenario_EOM_Tests.00031: Oct 30 No EOM" tests="8">
    <testcase classname="CWXTDATE_Unit_Tests.CWXTDATE_Scenario_EOM_Tests.00031: Oct 30 No EOM" name="00001: Check for EOM_SW">
      <error>Error encountered parsing field EOM_SW</error>
    </testcase>
    <testcase classname="CWXTDATE_Unit_Tests.CWXTDATE_Scenario_EOM_Tests.00031: Oct 30 No EOM" name="00002: Check for YRS_OF_SERVICE">
      <error>Error encountered parsing field YRS_OF_SERVICE</error>
    </testcase>
    <testcase classname="CWXTDATE_Unit_Tests.CWXTDATE_Scenario_EOM_Tests.00031: Oct 30 No EOM" name="00003: Check for RUN_YY">
      <error>Error encountered parsing field RUN_YY</error>
    </testcase>
    <testcase classname="CWXTDATE_Unit_Tests.CWXTDATE_Scenario_EOM_Tests.00031: Oct 30 No EOM" name="00004: Check for RUN_MM">
      <error>Error encountered parsing field RUN_MM</error>
    </testcase>
    <testcase classname="CWXTDATE_Unit_Tests.CWXTDATE_Scenario_EOM_Tests.00031: Oct 30 No EOM" name="00005: Check for RUN_DD">
      <error>Error encountered parsing field RUN_DD</error>
    </testcase>
    <testcase classname="CWXTDATE_Unit_Tests.CWXTDATE_Scenario_EOM_Tests.00031: Oct 30 No EOM" name="00006: Check for HIRE_YY">
      <error>Error encountered parsing field HIRE_YY</error>
    </testcase>
    <testcase classname="CWXTDATE_Unit_Tests.CWXTDATE_Scenario_EOM_Tests.00031: Oct 30 No EOM" name="00007: Check for HIRE_MM">
      <error>Error encountered parsing field HIRE_MM</error>
    </testcase>
    <testcase classname="CWXTDATE_Unit_Tests.CWXTDATE_Scenario_EOM_Tests.00031: Oct 30 No EOM" name="00008: Check for HIRE_DD">
      <error>Error encountered parsing field HIRE_DD</error>
    </testcase>
  </testsuite>
  <testsuite errors="8" failures="0" name="CWXTDATE_Unit_Tests.CWXTDATE_Scenario_EOM_Tests.00032: Oct 31 EOM" tests="8">
    <testcase classname="CWXTDATE_Unit_Tests.CWXTDATE_Scenario_EOM_Tests.00032: Oct 31 EOM" name="00001: Check for EOM_SW">
      <error>Error encountered parsing field EOM_SW</error>
    </testcase>
    <testcase classname="CWXTDATE_Unit_Tests.CWXTDATE_Scenario_EOM_Tests.00032: Oct 31 EOM" name="00002: Check for YRS_OF_SERVICE">
      <error>Error encountered parsing field YRS_OF_SERVICE</error>
    </testcase>
    <testcase classname="CWXTDATE_Unit_Tests.CWXTDATE_Scenario_EOM_Tests.00032: Oct 31 EOM" name="00003: Check for RUN_YY">
      <error>Error encountered parsing field RUN_YY</error>
    </testcase>
    <testcase classname="CWXTDATE_Unit_Tests.CWXTDATE_Scenario_EOM_Tests.00032: Oct 31 EOM" name="00004: Check for RUN_MM">
      <error>Error encountered parsing field RUN_MM</error>
    </testcase>
    <testcase classname="CWXTDATE_Unit_Tests.CWXTDATE_Scenario_EOM_Tests.00032: Oct 31 EOM" name="00005: Check for RUN_DD">
      <error>Error encountered parsing field RUN_DD</error>
    </testcase>
    <testcase classname="CWXTDATE_Unit_Tests.CWXTDATE_Scenario_EOM_Tests.00032: Oct 31 EOM" name="00006: Check for HIRE_YY">
      <error>Error encountered parsing field HIRE_YY</error>
    </testcase>
    <testcase classname="CWXTDATE_Unit_Tests.CWXTDATE_Scenario_EOM_Tests.00032: Oct 31 EOM" name="00007: Check for HIRE_MM">
      <error>Error encountered parsing field HIRE_MM</error>
    </testcase>
    <testcase classname="CWXTDATE_Unit_Tests.CWXTDATE_Scenario_EOM_Tests.00032: Oct 31 EOM" name="00008: Check for HIRE_DD">
      <error>Error encountered parsing field HIRE_DD</error>
    </testcase>
  </testsuite>
  <testsuite errors="8" failures="0" name="CWXTDATE_Unit_Tests.CWXTDATE_Scenario_EOM_Tests.00033: Nov 10 No EOM" tests="8">
    <testcase classname="CWXTDATE_Unit_Tests.CWXTDATE_Scenario_EOM_Tests.00033: Nov 10 No EOM" name="00001: Check for EOM_SW">
      <error>Error encountered parsing field EOM_SW</error>
    </testcase>
    <testcase classname="CWXTDATE_Unit_Tests.CWXTDATE_Scenario_EOM_Tests.00033: Nov 10 No EOM" name="00002: Check for YRS_OF_SERVICE">
      <error>Error encountered parsing field YRS_OF_SERVICE</error>
    </testcase>
    <testcase classname="CWXTDATE_Unit_Tests.CWXTDATE_Scenario_EOM_Tests.00033: Nov 10 No EOM" name="00003: Check for RUN_YY">
      <error>Error encountered parsing field RUN_YY</error>
    </testcase>
    <testcase classname="CWXTDATE_Unit_Tests.CWXTDATE_Scenario_EOM_Tests.00033: Nov 10 No EOM" name="00004: Check for RUN_MM">
      <error>Error encountered parsing field RUN_MM</error>
    </testcase>
    <testcase classname="CWXTDATE_Unit_Tests.CWXTDATE_Scenario_EOM_Tests.00033: Nov 10 No EOM" name="00005: Check for RUN_DD">
      <error>Error encountered parsing field RUN_DD</error>
    </testcase>
    <testcase classname="CWXTDATE_Unit_Tests.CWXTDATE_Scenario_EOM_Tests.00033: Nov 10 No EOM" name="00006: Check for HIRE_YY">
      <error>Error encountered parsing field HIRE_YY</error>
    </testcase>
    <testcase classname="CWXTDATE_Unit_Tests.CWXTDATE_Scenario_EOM_Tests.00033: Nov 10 No EOM" name="00007: Check for HIRE_MM">
      <error>Error encountered parsing field HIRE_MM</error>
    </testcase>
    <testcase classname="CWXTDATE_Unit_Tests.CWXTDATE_Scenario_EOM_Tests.00033: Nov 10 No EOM" name="00008: Check for HIRE_DD">
      <error>Error encountered parsing field HIRE_DD</error>
    </testcase>
  </testsuite>
  <testsuite errors="8" failures="0" name="CWXTDATE_Unit_Tests.CWXTDATE_Scenario_EOM_Tests.00034: Nov 29 No EOM" tests="8">
    <testcase classname="CWXTDATE_Unit_Tests.CWXTDATE_Scenario_EOM_Tests.00034: Nov 29 No EOM" name="00001: Check for EOM_SW">
      <error>Error encountered parsing field EOM_SW</error>
    </testcase>
    <testcase classname="CWXTDATE_Unit_Tests.CWXTDATE_Scenario_EOM_Tests.00034: Nov 29 No EOM" name="00002: Check for YRS_OF_SERVICE">
      <error>Error encountered parsing field YRS_OF_SERVICE</error>
    </testcase>
    <testcase classname="CWXTDATE_Unit_Tests.CWXTDATE_Scenario_EOM_Tests.00034: Nov 29 No EOM" name="00003: Check for RUN_YY">
      <error>Error encountered parsing field RUN_YY</error>
    </testcase>
    <testcase classname="CWXTDATE_Unit_Tests.CWXTDATE_Scenario_EOM_Tests.00034: Nov 29 No EOM" name="00004: Check for RUN_MM">
      <error>Error encountered parsing field RUN_MM</error>
    </testcase>
    <testcase classname="CWXTDATE_Unit_Tests.CWXTDATE_Scenario_EOM_Tests.00034: Nov 29 No EOM" name="00005: Check for RUN_DD">
      <error>Error encountered parsing field RUN_DD</error>
    </testcase>
    <testcase classname="CWXTDATE_Unit_Tests.CWXTDATE_Scenario_EOM_Tests.00034: Nov 29 No EOM" name="00006: Check for HIRE_YY">
      <error>Error encountered parsing field HIRE_YY</error>
    </testcase>
    <testcase classname="CWXTDATE_Unit_Tests.CWXTDATE_Scenario_EOM_Tests.00034: Nov 29 No EOM" name="00007: Check for HIRE_MM">
      <error>Error encountered parsing field HIRE_MM</error>
    </testcase>
    <testcase classname="CWXTDATE_Unit_Tests.CWXTDATE_Scenario_EOM_Tests.00034: Nov 29 No EOM" name="00008: Check for HIRE_DD">
      <error>Error encountered parsing field HIRE_DD</error>
    </testcase>
  </testsuite>
  <testsuite errors="8" failures="0" name="CWXTDATE_Unit_Tests.CWXTDATE_Scenario_EOM_Tests.00035: Nov 30 EOM" tests="8">
    <testcase classname="CWXTDATE_Unit_Tests.CWXTDATE_Scenario_EOM_Tests.00035: Nov 30 EOM" name="00001: Check for EOM_SW">
      <error>Error encountered parsing field EOM_SW</error>
    </testcase>
    <testcase classname="CWXTDATE_Unit_Tests.CWXTDATE_Scenario_EOM_Tests.00035: Nov 30 EOM" name="00002: Check for YRS_OF_SERVICE">
      <error>Error encountered parsing field YRS_OF_SERVICE</error>
    </testcase>
    <testcase classname="CWXTDATE_Unit_Tests.CWXTDATE_Scenario_EOM_Tests.00035: Nov 30 EOM" name="00003: Check for RUN_YY">
      <error>Error encountered parsing field RUN_YY</error>
    </testcase>
    <testcase classname="CWXTDATE_Unit_Tests.CWXTDATE_Scenario_EOM_Tests.00035: Nov 30 EOM" name="00004: Check for RUN_MM">
      <error>Error encountered parsing field RUN_MM</error>
    </testcase>
    <testcase classname="CWXTDATE_Unit_Tests.CWXTDATE_Scenario_EOM_Tests.00035: Nov 30 EOM" name="00005: Check for RUN_DD">
      <error>Error encountered parsing field RUN_DD</error>
    </testcase>
    <testcase classname="CWXTDATE_Unit_Tests.CWXTDATE_Scenario_EOM_Tests.00035: Nov 30 EOM" name="00006: Check for HIRE_YY">
      <error>Error encountered parsing field HIRE_YY</error>
    </testcase>
    <testcase classname="CWXTDATE_Unit_Tests.CWXTDATE_Scenario_EOM_Tests.00035: Nov 30 EOM" name="00007: Check for HIRE_MM">
      <error>Error encountered parsing field HIRE_MM</error>
    </testcase>
    <testcase classname="CWXTDATE_Unit_Tests.CWXTDATE_Scenario_EOM_Tests.00035: Nov 30 EOM" name="00008: Check for HIRE_DD">
      <error>Error encountered parsing field HIRE_DD</error>
    </testcase>
  </testsuite>
  <testsuite errors="8" failures="0" name="CWXTDATE_Unit_Tests.CWXTDATE_Scenario_EOM_Tests.00036: Dec 10 No EOM" tests="8">
    <testcase classname="CWXTDATE_Unit_Tests.CWXTDATE_Scenario_EOM_Tests.00036: Dec 10 No EOM" name="00001: Check for EOM_SW">
      <error>Error encountered parsing field EOM_SW</error>
    </testcase>
    <testcase classname="CWXTDATE_Unit_Tests.CWXTDATE_Scenario_EOM_Tests.00036: Dec 10 No EOM" name="00002: Check for YRS_OF_SERVICE">
      <error>Error encountered parsing field YRS_OF_SERVICE</error>
    </testcase>
    <testcase classname="CWXTDATE_Unit_Tests.CWXTDATE_Scenario_EOM_Tests.00036: Dec 10 No EOM" name="00003: Check for RUN_YY">
      <error>Error encountered parsing field RUN_YY</error>
    </testcase>
    <testcase classname="CWXTDATE_Unit_Tests.CWXTDATE_Scenario_EOM_Tests.00036: Dec 10 No EOM" name="00004: Check for RUN_MM">
      <error>Error encountered parsing field RUN_MM</error>
    </testcase>
    <testcase classname="CWXTDATE_Unit_Tests.CWXTDATE_Scenario_EOM_Tests.00036: Dec 10 No EOM" name="00005: Check for RUN_DD">
      <error>Error encountered parsing field RUN_DD</error>
    </testcase>
    <testcase classname="CWXTDATE_Unit_Tests.CWXTDATE_Scenario_EOM_Tests.00036: Dec 10 No EOM" name="00006: Check for HIRE_YY">
      <error>Error encountered parsing field HIRE_YY</error>
    </testcase>
    <testcase classname="CWXTDATE_Unit_Tests.CWXTDATE_Scenario_EOM_Tests.00036: Dec 10 No EOM" name="00007: Check for HIRE_MM">
      <error>Error encountered parsing field HIRE_MM</error>
    </testcase>
    <testcase classname="CWXTDATE_Unit_Tests.CWXTDATE_Scenario_EOM_Tests.00036: Dec 10 No EOM" name="00008: Check for HIRE_DD">
      <error>Error encountered parsing field HIRE_DD</error>
    </testcase>
  </testsuite>
  <testsuite errors="8" failures="0" name="CWXTDATE_Unit_Tests.CWXTDATE_Scenario_EOM_Tests.00037: Dec 30 No EOM" tests="8">
    <testcase classname="CWXTDATE_Unit_Tests.CWXTDATE_Scenario_EOM_Tests.00037: Dec 30 No EOM" name="00001: Check for EOM_SW">
      <error>Error encountered parsing field EOM_SW</error>
    </testcase>
    <testcase classname="CWXTDATE_Unit_Tests.CWXTDATE_Scenario_EOM_Tests.00037: Dec 30 No EOM" name="00002: Check for YRS_OF_SERVICE">
      <error>Error encountered parsing field YRS_OF_SERVICE</error>
    </testcase>
    <testcase classname="CWXTDATE_Unit_Tests.CWXTDATE_Scenario_EOM_Tests.00037: Dec 30 No EOM" name="00003: Check for RUN_YY">
      <error>Error encountered parsing field RUN_YY</error>
    </testcase>
    <testcase classname="CWXTDATE_Unit_Tests.CWXTDATE_Scenario_EOM_Tests.00037: Dec 30 No EOM" name="00004: Check for RUN_MM">
      <error>Error encountered parsing field RUN_MM</error>
    </testcase>
    <testcase classname="CWXTDATE_Unit_Tests.CWXTDATE_Scenario_EOM_Tests.00037: Dec 30 No EOM" name="00005: Check for RUN_DD">
      <error>Error encountered parsing field RUN_DD</error>
    </testcase>
    <testcase classname="CWXTDATE_Unit_Tests.CWXTDATE_Scenario_EOM_Tests.00037: Dec 30 No EOM" name="00006: Check for HIRE_YY">
      <error>Error encountered parsing field HIRE_YY</error>
    </testcase>
    <testcase classname="CWXTDATE_Unit_Tests.CWXTDATE_Scenario_EOM_Tests.00037: Dec 30 No EOM" name="00007: Check for HIRE_MM">
      <error>Error encountered parsing field HIRE_MM</error>
    </testcase>
    <testcase classname="CWXTDATE_Unit_Tests.CWXTDATE_Scenario_EOM_Tests.00037: Dec 30 No EOM" name="00008: Check for HIRE_DD">
      <error>Error encountered parsing field HIRE_DD</error>
    </testcase>
  </testsuite>
  <testsuite errors="8" failures="0" name="CWXTDATE_Unit_Tests.CWXTDATE_Scenario_EOM_Tests.00038: Dec 31 EOM" tests="8">
    <testcase classname="CWXTDATE_Unit_Tests.CWXTDATE_Scenario_EOM_Tests.00038: Dec 31 EOM" name="00001: Check for EOM_SW">
      <error>Error encountered parsing field EOM_SW</error>
    </testcase>
    <testcase classname="CWXTDATE_Unit_Tests.CWXTDATE_Scenario_EOM_Tests.00038: Dec 31 EOM" name="00002: Check for YRS_OF_SERVICE">
      <error>Error encountered parsing field YRS_OF_SERVICE</error>
    </testcase>
    <testcase classname="CWXTDATE_Unit_Tests.CWXTDATE_Scenario_EOM_Tests.00038: Dec 31 EOM" name="00003: Check for RUN_YY">
      <error>Error encountered parsing field RUN_YY</error>
    </testcase>
    <testcase classname="CWXTDATE_Unit_Tests.CWXTDATE_Scenario_EOM_Tests.00038: Dec 31 EOM" name="00004: Check for RUN_MM">
      <error>Error encountered parsing field RUN_MM</error>
    </testcase>
    <testcase classname="CWXTDATE_Unit_Tests.CWXTDATE_Scenario_EOM_Tests.00038: Dec 31 EOM" name="00005: Check for RUN_DD">
      <error>Error encountered parsing field RUN_DD</error>
    </testcase>
    <testcase classname="CWXTDATE_Unit_Tests.CWXTDATE_Scenario_EOM_Tests.00038: Dec 31 EOM" name="00006: Check for HIRE_YY">
      <error>Error encountered parsing field HIRE_YY</error>
    </testcase>
    <testcase classname="CWXTDATE_Unit_Tests.CWXTDATE_Scenario_EOM_Tests.00038: Dec 31 EOM" name="00007: Check for HIRE_MM">
      <error>Error encountered parsing field HIRE_MM</error>
    </testcase>
    <testcase classname="CWXTDATE_Unit_Tests.CWXTDATE_Scenario_EOM_Tests.00038: Dec 31 EOM" name="00008: Check for HIRE_DD">
      <error>Error encountered parsing field HIRE_DD</error>
    </testcase>
  </testsuite>
</testsuites>