<?xml version="1.0" encoding="UTF-8"?>
<?totaltestVersion 19.4.1.v20190319-1916_877?>
<!--Topaz for Total Test 19.4.1.v20190319-1916_877 08.04.2019 11:25:52-->
<testsuites>
  <testsuite errors="0" failures="1" name="LGICDB01_Unit_Tests.LGICDB01_Scenario3.00001: LGICDB01Case1" tests="23">
    <testcase classname="LGICDB01_Unit_Tests.LGICDB01_Scenario3.00001: LGICDB01Case1" name="00001: Check for CA_RETURN_CODE">
      <failure>Check for CA_RETURN_CODE failed

Actual Value:    98

Expected Value:  = 1</failure>
    </testcase>
    <testcase classname="LGICDB01_Unit_Tests.LGICDB01_Scenario3.00001: LGICDB01Case1" name="00002: Check for CA_NUM_POLICIES"/>
    <testcase classname="LGICDB01_Unit_Tests.LGICDB01_Scenario3.00001: LGICDB01Case1" name="00003: Check for CA_POLICY_NUM"/>
    <testcase classname="LGICDB01_Unit_Tests.LGICDB01_Scenario3.00001: LGICDB01Case1" name="00004: Check for CA_BROKERID"/>
    <testcase classname="LGICDB01_Unit_Tests.LGICDB01_Scenario3.00001: LGICDB01Case1" name="00005: Check for CA_PAYMENT"/>
    <testcase classname="LGICDB01_Unit_Tests.LGICDB01_Scenario3.00001: LGICDB01Case1" name="00006: Check for CA_E_TERM"/>
    <testcase classname="LGICDB01_Unit_Tests.LGICDB01_Scenario3.00001: LGICDB01Case1" name="00007: Check for CA_E_SUM_ASSURED"/>
    <testcase classname="LGICDB01_Unit_Tests.LGICDB01_Scenario3.00001: LGICDB01Case1" name="00008: Check for CA_H_BEDROOMS"/>
    <testcase classname="LGICDB01_Unit_Tests.LGICDB01_Scenario3.00001: LGICDB01Case1" name="00009: Check for CA_H_VALUE"/>
    <testcase classname="LGICDB01_Unit_Tests.LGICDB01_Scenario3.00001: LGICDB01Case1" name="00010: Check for CA_M_VALUE"/>
    <testcase classname="LGICDB01_Unit_Tests.LGICDB01_Scenario3.00001: LGICDB01Case1" name="00011: Check for CA_M_CC"/>
    <testcase classname="LGICDB01_Unit_Tests.LGICDB01_Scenario3.00001: LGICDB01Case1" name="00012: Check for CA_B_FirePeril"/>
    <testcase classname="LGICDB01_Unit_Tests.LGICDB01_Scenario3.00001: LGICDB01Case1" name="00013: Check for CA_B_FirePremium"/>
    <testcase classname="LGICDB01_Unit_Tests.LGICDB01_Scenario3.00001: LGICDB01Case1" name="00014: Check for CA_B_CrimePeril"/>
    <testcase classname="LGICDB01_Unit_Tests.LGICDB01_Scenario3.00001: LGICDB01Case1" name="00015: Check for CA_B_CrimePremium"/>
    <testcase classname="LGICDB01_Unit_Tests.LGICDB01_Scenario3.00001: LGICDB01Case1" name="00016: Check for CA_B_FloodPeril"/>
    <testcase classname="LGICDB01_Unit_Tests.LGICDB01_Scenario3.00001: LGICDB01Case1" name="00017: Check for CA_B_FloodPremium"/>
    <testcase classname="LGICDB01_Unit_Tests.LGICDB01_Scenario3.00001: LGICDB01Case1" name="00018: Check for CA_B_WeatherPeril"/>
    <testcase classname="LGICDB01_Unit_Tests.LGICDB01_Scenario3.00001: LGICDB01Case1" name="00019: Check for CA_B_WeatherPremium"/>
    <testcase classname="LGICDB01_Unit_Tests.LGICDB01_Scenario3.00001: LGICDB01Case1" name="00020: Check for CA_B_Status"/>
    <testcase classname="LGICDB01_Unit_Tests.LGICDB01_Scenario3.00001: LGICDB01Case1" name="00021: Check for CA_C_Num"/>
    <testcase classname="LGICDB01_Unit_Tests.LGICDB01_Scenario3.00001: LGICDB01Case1" name="00022: Check for CA_C_Paid"/>
    <testcase classname="LGICDB01_Unit_Tests.LGICDB01_Scenario3.00001: LGICDB01Case1" name="00023: Check for CA_C_Value"/>
  </testsuite>
  <testsuite errors="0" failures="0" name="LGICDB01_Unit_Tests.LGICDB01_Scenario3.00001: LGICDB01Case1.LGICDB01_EXEC_CICS_RETURN3_01.00001: EXEC CICS RETURN assertion" tests="0">
    <testcase classname="LGICDB01_Unit_Tests.LGICDB01_Scenario3.00001: LGICDB01Case1.LGICDB01_EXEC_CICS_RETURN3_01.00001: EXEC CICS RETURN assertion" name="EXEC CICS RETURN"/>
  </testsuite>
</testsuites>