<?xml version="1.0" encoding="UTF-8"?>
<?totaltestVersion 20.12.1.v20220909-1355_70?>
<!--Topaz for Total Test 20.12.1.v20220909-1355_70 Nov 16, 2022 11:15:56 AM-->
<testsuites>
  <testsuite name="CWXTSUBC_Mgmt_Scenario" errors="0" tests="1" failures="1">
    <testcase classname="CWXTSUBC_Mgmt_Scenario" name="Unit Test: Test Case: SalesAmount_0 for program: CWXTCOB">
      <error>Error      Linkage field: Message: Testcase has no output or output is empty.</error>
    </testcase>
    <testcase classname="CWXTSUBC_Mgmt_Scenario" name="Unit Test: Test Case: SalesAmount_Range_1_LowerBound for program: CWXTCOB">
      <error>Error      Linkage field: Message: Testcase has no output or output is empty.</error>
    </testcase>
    <testcase classname="CWXTSUBC_Mgmt_Scenario" name="Unit Test: Test Case: SalesAmount_Range_1_Center for program: CWXTCOB">
      <error>Error      Linkage field: Message: Testcase has no output or output is empty.</error>
    </testcase>
    <testcase classname="CWXTSUBC_Mgmt_Scenario" name="Unit Test: Test Case: SalesAmount_Range_1_UpperBound for program: CWXTCOB">
      <error>Error      Linkage field: Message: Testcase has no output or output is empty.</error>
    </testcase>
    <testcase classname="CWXTSUBC_Mgmt_Scenario" name="Unit Test: Test Case: SalesAmount_Range_2_LowerBound for program: CWXTCOB">
      <error>Error      Linkage field: Message: Testcase has no output or output is empty.</error>
    </testcase>
    <testcase classname="CWXTSUBC_Mgmt_Scenario" name="Unit Test: Test Case: SalesAmount_Range_2_Center for program: CWXTCOB">
      <error>Error      Linkage field: Message: Testcase has no output or output is empty.</error>
    </testcase>
    <testcase classname="CWXTSUBC_Mgmt_Scenario" name="Unit Test: Test Case: SalesAmount_Range_2_LowerBound for program: CWXTCOB">
      <error>Error      Linkage field: Message: Testcase has no output or output is empty.</error>
    </testcase>
    <testcase classname="CWXTSUBC_Mgmt_Scenario" name="Unit Test: Test Case: SalesAmount_Range_3_LowerBound for program: CWXTCOB">
      <error>Error      Linkage field: Message: Testcase has no output or output is empty.</error>
    </testcase>
    <testcase classname="CWXTSUBC_Mgmt_Scenario" name="Unit Test: Test Case: SalesAmount_Range_3_Center for program: CWXTCOB">
      <error>Error      Linkage field: Message: Testcase has no output or output is empty.</error>
    </testcase>
    <testcase classname="CWXTSUBC_Mgmt_Scenario" name="Unit Test: Test Case: SalesAmount_Range_3_UpperBound for program: CWXTCOB">
      <error>Error      Linkage field: Message: Testcase has no output or output is empty.</error>
    </testcase>
    <testcase classname="CWXTSUBC_Mgmt_Scenario" name="Unit Test: Test Case: SalesAmount_Range_4_LowerBound for program: CWXTCOB">
      <error>Error      Linkage field: Message: Testcase has no output or output is empty.</error>
    </testcase>
    <testcase classname="CWXTSUBC_Mgmt_Scenario" name="Unit Test: Test Case: SalesAmount_Range_4_Center for program: CWXTCOB">
      <error>Error      Linkage field: Message: Testcase has no output or output is empty.</error>
    </testcase>
    <testcase classname="CWXTSUBC_Mgmt_Scenario" name="Unit Test: Test Case: SalesAmount_Range_4_UpperBound for program: CWXTCOB">
      <error>Error      Linkage field: Message: Testcase has no output or output is empty.</error>
    </testcase>
    <testcase classname="CWXTSUBC_Mgmt_Scenario" name="Unit Test: Test Case: SalesAmount_Range_5_Lower_Bound for program: CWXTCOB">
      <error>Error      Linkage field: Message: Testcase has no output or output is empty.</error>
    </testcase>
    <testcase classname="CWXTSUBC_Mgmt_Scenario" name="Unit Test: Test Case: SalesAmount_Range_5_Center for program: CWXTCOB">
      <error>Error      Linkage field: Message: Testcase has no output or output is empty.</error>
    </testcase>
    <testcase classname="CWXTSUBC_Mgmt_Scenario" name="Unit Test: Test Case: SalesAmount_Range_5_UpperBound for program: CWXTCOB">
      <error>Error      Linkage field: Message: Error encountered parsing field EMP_TYPE
Error      Linkage field: Message: Error encountered parsing field SALES_AMOUNT
Error      Linkage field: Message: Error encountered parsing field COMM_TOTAL</error>
    </testcase>
  </testsuite>
</testsuites>
