<?xml version="1.0" encoding="UTF-8"?>
<?totaltestVersion 19.6.1.v20190927-0347_118?>
<!--Topaz for Total Test 19.6.1.v20190927-0347_118 Nov 22, 2019 8:45:18 AM-->
<testsuites>
  <testsuite errors="0" failures="0" name="CWXTSUBC_Unit_Tests.CWXTSUBC_Mgmt_Scenario.00001: CWXTSUBCCase1" tests="3">
    <testcase classname="CWXTSUBC_Unit_Tests.CWXTSUBC_Mgmt_Scenario.00001: CWXTSUBCCase1" name="00001: Check for EMP_TYPE"/>
    <testcase classname="CWXTSUBC_Unit_Tests.CWXTSUBC_Mgmt_Scenario.00001: CWXTSUBCCase1" name="00002: Check for SALES_AMOUNT"/>
    <testcase classname="CWXTSUBC_Unit_Tests.CWXTSUBC_Mgmt_Scenario.00001: CWXTSUBCCase1" name="00003: Check for COMM_TOTAL"/>
  </testsuite>
  <testsuite errors="0" failures="0" name="CWXTSUBC_Unit_Tests.CWXTSUBC_Mgmt_Scenario.00002: CWXTSUBCCase2" tests="3">
    <testcase classname="CWXTSUBC_Unit_Tests.CWXTSUBC_Mgmt_Scenario.00002: CWXTSUBCCase2" name="00001: Check for EMP_TYPE"/>
    <testcase classname="CWXTSUBC_Unit_Tests.CWXTSUBC_Mgmt_Scenario.00002: CWXTSUBCCase2" name="00002: Check for SALES_AMOUNT"/>
    <testcase classname="CWXTSUBC_Unit_Tests.CWXTSUBC_Mgmt_Scenario.00002: CWXTSUBCCase2" name="00003: Check for COMM_TOTAL"/>
  </testsuite>
  <testsuite errors="0" failures="0" name="CWXTSUBC_Unit_Tests.CWXTSUBC_Mgmt_Scenario.00003: CWXTSUBCCase3" tests="3">
    <testcase classname="CWXTSUBC_Unit_Tests.CWXTSUBC_Mgmt_Scenario.00003: CWXTSUBCCase3" name="00001: Check for EMP_TYPE"/>
    <testcase classname="CWXTSUBC_Unit_Tests.CWXTSUBC_Mgmt_Scenario.00003: CWXTSUBCCase3" name="00002: Check for SALES_AMOUNT"/>
    <testcase classname="CWXTSUBC_Unit_Tests.CWXTSUBC_Mgmt_Scenario.00003: CWXTSUBCCase3" name="00003: Check for COMM_TOTAL"/>
  </testsuite>
  <testsuite errors="0" failures="0" name="CWXTSUBC_Unit_Tests.CWXTSUBC_Mgmt_Scenario.00004: CWXTSUBCCase4" tests="3">
    <testcase classname="CWXTSUBC_Unit_Tests.CWXTSUBC_Mgmt_Scenario.00004: CWXTSUBCCase4" name="00001: Check for EMP_TYPE"/>
    <testcase classname="CWXTSUBC_Unit_Tests.CWXTSUBC_Mgmt_Scenario.00004: CWXTSUBCCase4" name="00002: Check for SALES_AMOUNT"/>
    <testcase classname="CWXTSUBC_Unit_Tests.CWXTSUBC_Mgmt_Scenario.00004: CWXTSUBCCase4" name="00003: Check for COMM_TOTAL"/>
  </testsuite>
  <testsuite errors="0" failures="0" name="CWXTSUBC_Unit_Tests.CWXTSUBC_Mgmt_Scenario.00005: CWXTSUBCCase5" tests="3">
    <testcase classname="CWXTSUBC_Unit_Tests.CWXTSUBC_Mgmt_Scenario.00005: CWXTSUBCCase5" name="00001: Check for EMP_TYPE"/>
    <testcase classname="CWXTSUBC_Unit_Tests.CWXTSUBC_Mgmt_Scenario.00005: CWXTSUBCCase5" name="00002: Check for SALES_AMOUNT"/>
    <testcase classname="CWXTSUBC_Unit_Tests.CWXTSUBC_Mgmt_Scenario.00005: CWXTSUBCCase5" name="00003: Check for COMM_TOTAL"/>
  </testsuite>
  <testsuite errors="0" failures="0" name="CWXTSUBC_Unit_Tests.CWXTSUBC_Mgmt_Scenario.00006: CWXTSUBCCase6" tests="3">
    <testcase classname="CWXTSUBC_Unit_Tests.CWXTSUBC_Mgmt_Scenario.00006: CWXTSUBCCase6" name="00001: Check for EMP_TYPE"/>
    <testcase classname="CWXTSUBC_Unit_Tests.CWXTSUBC_Mgmt_Scenario.00006: CWXTSUBCCase6" name="00002: Check for SALES_AMOUNT"/>
    <testcase classname="CWXTSUBC_Unit_Tests.CWXTSUBC_Mgmt_Scenario.00006: CWXTSUBCCase6" name="00003: Check for COMM_TOTAL"/>
  </testsuite>
</testsuites>