<?xml version="1.0" encoding="UTF-8"?>
<?totaltestVersion 19.3.1.v20181214-1343_790?>
<!--Topaz for Total Test 19.3.1.v20181214-1343_790 22.03.2019 08:13:16-->
<testsuites>
  <testsuite errors="0" failures="0" name="CWDEMCB2_Unit_Tests.CWDEMCB2_Scenario2.00001: CWDEMCB2Case1" tests="0"/>
  <testsuite errors="0" failures="0" name="CWDEMCB2_Unit_Tests.CWDEMCB2_Scenario2.00001: CWDEMCB2Case1.CWDEMCB2_SEND_RECEIVE_02.00001: EXEC CICS HANDLE assertion" tests="0">
    <testcase classname="CWDEMCB2_Unit_Tests.CWDEMCB2_Scenario2.00001: CWDEMCB2Case1.CWDEMCB2_SEND_RECEIVE_02.00001: EXEC CICS HANDLE assertion" name="EXEC CICS HANDLE"/>
  </testsuite>
  <testsuite errors="0" failures="0" name="CWDEMCB2_Unit_Tests.CWDEMCB2_Scenario2.00001: CWDEMCB2Case1.CWDEMCB2_SEND_RECEIVE_02.00002: EXEC CICS RECEIVE assertion" tests="0">
    <testcase classname="CWDEMCB2_Unit_Tests.CWDEMCB2_Scenario2.00001: CWDEMCB2Case1.CWDEMCB2_SEND_RECEIVE_02.00002: EXEC CICS RECEIVE assertion" name="EXEC CICS RECEIVE"/>
  </testsuite>
  <testsuite errors="0" failures="0" name="CWDEMCB2_Unit_Tests.CWDEMCB2_Scenario2.00001: CWDEMCB2Case1.CWDEMCB2_SEND_RECEIVE_02.00003: EXEC CICS SEND assertion" tests="0">
    <testcase classname="CWDEMCB2_Unit_Tests.CWDEMCB2_Scenario2.00001: CWDEMCB2Case1.CWDEMCB2_SEND_RECEIVE_02.00003: EXEC CICS SEND assertion" name="EXEC CICS SEND"/>
  </testsuite>
  <testsuite errors="0" failures="0" name="CWDEMCB2_Unit_Tests.CWDEMCB2_Scenario2.00001: CWDEMCB2Case1.CWDEMCB2_EXEC_CICS_ASSIGN2_01.00001: EXEC CICS ASSIGN assertion" tests="0">
    <testcase classname="CWDEMCB2_Unit_Tests.CWDEMCB2_Scenario2.00001: CWDEMCB2Case1.CWDEMCB2_EXEC_CICS_ASSIGN2_01.00001: EXEC CICS ASSIGN assertion" name="EXEC CICS ASSIGN"/>
  </testsuite>
  <testsuite errors="0" failures="0" name="CWDEMCB2_Unit_Tests.CWDEMCB2_Scenario2.00001: CWDEMCB2Case1.CWDEMCB2_HANDLE_01.00001: EXEC CICS HANDLE assertion" tests="0">
    <testcase classname="CWDEMCB2_Unit_Tests.CWDEMCB2_Scenario2.00001: CWDEMCB2Case1.CWDEMCB2_HANDLE_01.00001: EXEC CICS HANDLE assertion" name="EXEC CICS HANDLE"/>
  </testsuite>
</testsuites>