<?xml version="1.0" encoding="UTF-8"?>
<?totaltestVersion 19.3.2.v20190211-1724_163?>
<!--Topaz for Total Test 19.3.2.v20190211-1724_163 Feb 22, 2019 4:39:17 AM-->
<testsuites>
  <testsuite errors="0" failures="0" name="LGTESTC1_Dev_Unit_Tests.LGTESTC1_Scenario3.00001: LGTESTC1Case1" tests="32">
    <testcase classname="LGTESTC1_Dev_Unit_Tests.LGTESTC1_Scenario3.00001: LGTESTC1Case1" name="00001: Check for eibtime"/>
    <testcase classname="LGTESTC1_Dev_Unit_Tests.LGTESTC1_Scenario3.00001: LGTESTC1Case1" name="00002: Check for eibdate"/>
    <testcase classname="LGTESTC1_Dev_Unit_Tests.LGTESTC1_Scenario3.00001: LGTESTC1Case1" name="00003: Check for eibtrnid"/>
    <testcase classname="LGTESTC1_Dev_Unit_Tests.LGTESTC1_Scenario3.00001: LGTESTC1Case1" name="00004: Check for eibtaskn"/>
    <testcase classname="LGTESTC1_Dev_Unit_Tests.LGTESTC1_Scenario3.00001: LGTESTC1Case1" name="00005: Check for eibtrmid"/>
    <testcase classname="LGTESTC1_Dev_Unit_Tests.LGTESTC1_Scenario3.00001: LGTESTC1Case1" name="00006: Check for dfheigdi"/>
    <testcase classname="LGTESTC1_Dev_Unit_Tests.LGTESTC1_Scenario3.00001: LGTESTC1Case1" name="00007: Check for eibcposn"/>
    <testcase classname="LGTESTC1_Dev_Unit_Tests.LGTESTC1_Scenario3.00001: LGTESTC1Case1" name="00008: Check for eibcalen"/>
    <testcase classname="LGTESTC1_Dev_Unit_Tests.LGTESTC1_Scenario3.00001: LGTESTC1Case1" name="00009: Check for eibaid"/>
    <testcase classname="LGTESTC1_Dev_Unit_Tests.LGTESTC1_Scenario3.00001: LGTESTC1Case1" name="00010: Check for eibfn"/>
    <testcase classname="LGTESTC1_Dev_Unit_Tests.LGTESTC1_Scenario3.00001: LGTESTC1Case1" name="00011: Check for eibrcode"/>
    <testcase classname="LGTESTC1_Dev_Unit_Tests.LGTESTC1_Scenario3.00001: LGTESTC1Case1" name="00012: Check for eibds"/>
    <testcase classname="LGTESTC1_Dev_Unit_Tests.LGTESTC1_Scenario3.00001: LGTESTC1Case1" name="00013: Check for eibreqid"/>
    <testcase classname="LGTESTC1_Dev_Unit_Tests.LGTESTC1_Scenario3.00001: LGTESTC1Case1" name="00014: Check for eibrsrce"/>
    <testcase classname="LGTESTC1_Dev_Unit_Tests.LGTESTC1_Scenario3.00001: LGTESTC1Case1" name="00015: Check for eibsync"/>
    <testcase classname="LGTESTC1_Dev_Unit_Tests.LGTESTC1_Scenario3.00001: LGTESTC1Case1" name="00016: Check for eibfree"/>
    <testcase classname="LGTESTC1_Dev_Unit_Tests.LGTESTC1_Scenario3.00001: LGTESTC1Case1" name="00017: Check for eibrecv"/>
    <testcase classname="LGTESTC1_Dev_Unit_Tests.LGTESTC1_Scenario3.00001: LGTESTC1Case1" name="00018: Check for eibfil01"/>
    <testcase classname="LGTESTC1_Dev_Unit_Tests.LGTESTC1_Scenario3.00001: LGTESTC1Case1" name="00019: Check for eibatt"/>
    <testcase classname="LGTESTC1_Dev_Unit_Tests.LGTESTC1_Scenario3.00001: LGTESTC1Case1" name="00020: Check for eibeoc"/>
    <testcase classname="LGTESTC1_Dev_Unit_Tests.LGTESTC1_Scenario3.00001: LGTESTC1Case1" name="00021: Check for eibfmh"/>
    <testcase classname="LGTESTC1_Dev_Unit_Tests.LGTESTC1_Scenario3.00001: LGTESTC1Case1" name="00022: Check for eibcompl"/>
    <testcase classname="LGTESTC1_Dev_Unit_Tests.LGTESTC1_Scenario3.00001: LGTESTC1Case1" name="00023: Check for eibsig"/>
    <testcase classname="LGTESTC1_Dev_Unit_Tests.LGTESTC1_Scenario3.00001: LGTESTC1Case1" name="00024: Check for eibconf"/>
    <testcase classname="LGTESTC1_Dev_Unit_Tests.LGTESTC1_Scenario3.00001: LGTESTC1Case1" name="00025: Check for eiberr"/>
    <testcase classname="LGTESTC1_Dev_Unit_Tests.LGTESTC1_Scenario3.00001: LGTESTC1Case1" name="00026: Check for eiberrcd"/>
    <testcase classname="LGTESTC1_Dev_Unit_Tests.LGTESTC1_Scenario3.00001: LGTESTC1Case1" name="00027: Check for eibsynrb"/>
    <testcase classname="LGTESTC1_Dev_Unit_Tests.LGTESTC1_Scenario3.00001: LGTESTC1Case1" name="00028: Check for eibnodat"/>
    <testcase classname="LGTESTC1_Dev_Unit_Tests.LGTESTC1_Scenario3.00001: LGTESTC1Case1" name="00029: Check for eibresp"/>
    <testcase classname="LGTESTC1_Dev_Unit_Tests.LGTESTC1_Scenario3.00001: LGTESTC1Case1" name="00030: Check for eibresp2"/>
    <testcase classname="LGTESTC1_Dev_Unit_Tests.LGTESTC1_Scenario3.00001: LGTESTC1Case1" name="00031: Check for eibrldbk"/>
    <testcase classname="LGTESTC1_Dev_Unit_Tests.LGTESTC1_Scenario3.00001: LGTESTC1Case1" name="00032: Check for dfhcommarea"/>
  </testsuite>
  <testsuite errors="0" failures="0" name="LGTESTC1_Dev_Unit_Tests.LGTESTC1_Scenario3.00001: LGTESTC1Case1.LGTESTC1_HANDLE_03.00001: EXEC CICS HANDLE assertion" tests="0">
    <testcase classname="LGTESTC1_Dev_Unit_Tests.LGTESTC1_Scenario3.00001: LGTESTC1Case1.LGTESTC1_HANDLE_03.00001: EXEC CICS HANDLE assertion" name="EXEC CICS HANDLE"/>
  </testsuite>
  <testsuite errors="0" failures="0" name="LGTESTC1_Dev_Unit_Tests.LGTESTC1_Scenario3.00001: LGTESTC1Case1.LGTESTC1_BMS_SEND_RECEIVE_03.00001: EXEC CICS RECEIVE assertion" tests="2">
    <testcase classname="LGTESTC1_Dev_Unit_Tests.LGTESTC1_Scenario3.00001: LGTESTC1Case1.LGTESTC1_BMS_SEND_RECEIVE_03.00001: EXEC CICS RECEIVE assertion" name="00001: Check for dfhc0070"/>
    <testcase classname="LGTESTC1_Dev_Unit_Tests.LGTESTC1_Scenario3.00001: LGTESTC1Case1.LGTESTC1_BMS_SEND_RECEIVE_03.00001: EXEC CICS RECEIVE assertion" name="00002: Check for dfhc0071"/>
  </testsuite>
  <testsuite errors="0" failures="0" name="LGTESTC1_Dev_Unit_Tests.LGTESTC1_Scenario3.00001: LGTESTC1Case1.LGTESTC1_BMS_SEND_RECEIVE_03.00002: EXEC CICS SEND assertion" tests="23">
    <testcase classname="LGTESTC1_Dev_Unit_Tests.LGTESTC1_Scenario3.00001: LGTESTC1Case1.LGTESTC1_BMS_SEND_RECEIVE_03.00002: EXEC CICS SEND assertion" name="00001: Check for dfhc0070"/>
    <testcase classname="LGTESTC1_Dev_Unit_Tests.LGTESTC1_Scenario3.00001: LGTESTC1Case1.LGTESTC1_BMS_SEND_RECEIVE_03.00002: EXEC CICS SEND assertion" name="00002: Check for FILLER0"/>
    <testcase classname="LGTESTC1_Dev_Unit_Tests.LGTESTC1_Scenario3.00001: LGTESTC1Case1.LGTESTC1_BMS_SEND_RECEIVE_03.00002: EXEC CICS SEND assertion" name="00003: Check for FILLER1"/>
    <testcase classname="LGTESTC1_Dev_Unit_Tests.LGTESTC1_Scenario3.00001: LGTESTC1Case1.LGTESTC1_BMS_SEND_RECEIVE_03.00002: EXEC CICS SEND assertion" name="00004: Check for ENT1CNOO"/>
    <testcase classname="LGTESTC1_Dev_Unit_Tests.LGTESTC1_Scenario3.00001: LGTESTC1Case1.LGTESTC1_BMS_SEND_RECEIVE_03.00002: EXEC CICS SEND assertion" name="00005: Check for FILLER2"/>
    <testcase classname="LGTESTC1_Dev_Unit_Tests.LGTESTC1_Scenario3.00001: LGTESTC1Case1.LGTESTC1_BMS_SEND_RECEIVE_03.00002: EXEC CICS SEND assertion" name="00006: Check for ENT1FNAO"/>
    <testcase classname="LGTESTC1_Dev_Unit_Tests.LGTESTC1_Scenario3.00001: LGTESTC1Case1.LGTESTC1_BMS_SEND_RECEIVE_03.00002: EXEC CICS SEND assertion" name="00007: Check for FILLER3"/>
    <testcase classname="LGTESTC1_Dev_Unit_Tests.LGTESTC1_Scenario3.00001: LGTESTC1Case1.LGTESTC1_BMS_SEND_RECEIVE_03.00002: EXEC CICS SEND assertion" name="00008: Check for ENT1LNAO"/>
    <testcase classname="LGTESTC1_Dev_Unit_Tests.LGTESTC1_Scenario3.00001: LGTESTC1Case1.LGTESTC1_BMS_SEND_RECEIVE_03.00002: EXEC CICS SEND assertion" name="00009: Check for FILLER4"/>
    <testcase classname="LGTESTC1_Dev_Unit_Tests.LGTESTC1_Scenario3.00001: LGTESTC1Case1.LGTESTC1_BMS_SEND_RECEIVE_03.00002: EXEC CICS SEND assertion" name="00010: Check for ENT1DOBO"/>
    <testcase classname="LGTESTC1_Dev_Unit_Tests.LGTESTC1_Scenario3.00001: LGTESTC1Case1.LGTESTC1_BMS_SEND_RECEIVE_03.00002: EXEC CICS SEND assertion" name="00011: Check for FILLER5"/>
    <testcase classname="LGTESTC1_Dev_Unit_Tests.LGTESTC1_Scenario3.00001: LGTESTC1Case1.LGTESTC1_BMS_SEND_RECEIVE_03.00002: EXEC CICS SEND assertion" name="00012: Check for ENT1HNMO"/>
    <testcase classname="LGTESTC1_Dev_Unit_Tests.LGTESTC1_Scenario3.00001: LGTESTC1Case1.LGTESTC1_BMS_SEND_RECEIVE_03.00002: EXEC CICS SEND assertion" name="00013: Check for FILLER6"/>
    <testcase classname="LGTESTC1_Dev_Unit_Tests.LGTESTC1_Scenario3.00001: LGTESTC1Case1.LGTESTC1_BMS_SEND_RECEIVE_03.00002: EXEC CICS SEND assertion" name="00014: Check for ENT1HNOO"/>
    <testcase classname="LGTESTC1_Dev_Unit_Tests.LGTESTC1_Scenario3.00001: LGTESTC1Case1.LGTESTC1_BMS_SEND_RECEIVE_03.00002: EXEC CICS SEND assertion" name="00015: Check for FILLER7"/>
    <testcase classname="LGTESTC1_Dev_Unit_Tests.LGTESTC1_Scenario3.00001: LGTESTC1Case1.LGTESTC1_BMS_SEND_RECEIVE_03.00002: EXEC CICS SEND assertion" name="00016: Check for ENT1HPCO"/>
    <testcase classname="LGTESTC1_Dev_Unit_Tests.LGTESTC1_Scenario3.00001: LGTESTC1Case1.LGTESTC1_BMS_SEND_RECEIVE_03.00002: EXEC CICS SEND assertion" name="00017: Check for FILLER8"/>
    <testcase classname="LGTESTC1_Dev_Unit_Tests.LGTESTC1_Scenario3.00001: LGTESTC1Case1.LGTESTC1_BMS_SEND_RECEIVE_03.00002: EXEC CICS SEND assertion" name="00018: Check for ENT1OPTO"/>
    <testcase classname="LGTESTC1_Dev_Unit_Tests.LGTESTC1_Scenario3.00001: LGTESTC1Case1.LGTESTC1_BMS_SEND_RECEIVE_03.00002: EXEC CICS SEND assertion" name="00019: Check for FILLER9"/>
    <testcase classname="LGTESTC1_Dev_Unit_Tests.LGTESTC1_Scenario3.00001: LGTESTC1Case1.LGTESTC1_BMS_SEND_RECEIVE_03.00002: EXEC CICS SEND assertion" name="00020: Check for ERRFLDO"/>
    <testcase classname="LGTESTC1_Dev_Unit_Tests.LGTESTC1_Scenario3.00001: LGTESTC1Case1.LGTESTC1_BMS_SEND_RECEIVE_03.00002: EXEC CICS SEND assertion" name="00021: Check for dfhc0071"/>
  </testsuite>
  <testsuite errors="0" failures="0" name="LGTESTC1_Dev_Unit_Tests.LGTESTC1_Scenario3.00001: LGTESTC1Case1.LGTESTC1_SEND_RECEIVE_03.00001: EXEC CICS HANDLE assertion" tests="0">
    <testcase classname="LGTESTC1_Dev_Unit_Tests.LGTESTC1_Scenario3.00001: LGTESTC1Case1.LGTESTC1_SEND_RECEIVE_03.00001: EXEC CICS HANDLE assertion" name="EXEC CICS HANDLE"/>
  </testsuite>
  <testsuite errors="0" failures="0" name="LGTESTC1_Dev_Unit_Tests.LGTESTC1_Scenario3.00001: LGTESTC1Case1.LGTESTC1_EXEC_CICS_RETURN3_01.00001: EXEC CICS RETURN assertion" tests="79">
    <testcase classname="LGTESTC1_Dev_Unit_Tests.LGTESTC1_Scenario3.00001: LGTESTC1Case1.LGTESTC1_EXEC_CICS_RETURN3_01.00001: EXEC CICS RETURN assertion" name="00001: Check for dfhc0040"/>
    <testcase classname="LGTESTC1_Dev_Unit_Tests.LGTESTC1_Scenario3.00001: LGTESTC1Case1.LGTESTC1_EXEC_CICS_RETURN3_01.00001: EXEC CICS RETURN assertion" name="00002: Check for CA_REQUEST_ID"/>
    <testcase classname="LGTESTC1_Dev_Unit_Tests.LGTESTC1_Scenario3.00001: LGTESTC1Case1.LGTESTC1_EXEC_CICS_RETURN3_01.00001: EXEC CICS RETURN assertion" name="00003: Check for CA_RETURN_CODE"/>
    <testcase classname="LGTESTC1_Dev_Unit_Tests.LGTESTC1_Scenario3.00001: LGTESTC1Case1.LGTESTC1_EXEC_CICS_RETURN3_01.00001: EXEC CICS RETURN assertion" name="00004: Check for CA_CUSTOMER_NUM"/>
    <testcase classname="LGTESTC1_Dev_Unit_Tests.LGTESTC1_Scenario3.00001: LGTESTC1Case1.LGTESTC1_EXEC_CICS_RETURN3_01.00001: EXEC CICS RETURN assertion" name="00005: Check for CA_REQUEST_SPECIFIC"/>
    <testcase classname="LGTESTC1_Dev_Unit_Tests.LGTESTC1_Scenario3.00001: LGTESTC1Case1.LGTESTC1_EXEC_CICS_RETURN3_01.00001: EXEC CICS RETURN assertion" name="00006: Check for CA_FIRST_NAME"/>
    <testcase classname="LGTESTC1_Dev_Unit_Tests.LGTESTC1_Scenario3.00001: LGTESTC1Case1.LGTESTC1_EXEC_CICS_RETURN3_01.00001: EXEC CICS RETURN assertion" name="00007: Check for CA_LAST_NAME"/>
    <testcase classname="LGTESTC1_Dev_Unit_Tests.LGTESTC1_Scenario3.00001: LGTESTC1Case1.LGTESTC1_EXEC_CICS_RETURN3_01.00001: EXEC CICS RETURN assertion" name="00008: Check for CA_DOB"/>
    <testcase classname="LGTESTC1_Dev_Unit_Tests.LGTESTC1_Scenario3.00001: LGTESTC1Case1.LGTESTC1_EXEC_CICS_RETURN3_01.00001: EXEC CICS RETURN assertion" name="00009: Check for CA_HOUSE_NAME"/>
    <testcase classname="LGTESTC1_Dev_Unit_Tests.LGTESTC1_Scenario3.00001: LGTESTC1Case1.LGTESTC1_EXEC_CICS_RETURN3_01.00001: EXEC CICS RETURN assertion" name="00010: Check for CA_HOUSE_NUM"/>
    <testcase classname="LGTESTC1_Dev_Unit_Tests.LGTESTC1_Scenario3.00001: LGTESTC1Case1.LGTESTC1_EXEC_CICS_RETURN3_01.00001: EXEC CICS RETURN assertion" name="00011: Check for CA_POSTCODE"/>
    <testcase classname="LGTESTC1_Dev_Unit_Tests.LGTESTC1_Scenario3.00001: LGTESTC1Case1.LGTESTC1_EXEC_CICS_RETURN3_01.00001: EXEC CICS RETURN assertion" name="00012: Check for CA_NUM_POLICIES"/>
    <testcase classname="LGTESTC1_Dev_Unit_Tests.LGTESTC1_Scenario3.00001: LGTESTC1Case1.LGTESTC1_EXEC_CICS_RETURN3_01.00001: EXEC CICS RETURN assertion" name="00013: Check for CA_POLICY_DATA"/>
    <testcase classname="LGTESTC1_Dev_Unit_Tests.LGTESTC1_Scenario3.00001: LGTESTC1Case1.LGTESTC1_EXEC_CICS_RETURN3_01.00001: EXEC CICS RETURN assertion" name="00014: Check for CA_POLICY_NUM"/>
    <testcase classname="LGTESTC1_Dev_Unit_Tests.LGTESTC1_Scenario3.00001: LGTESTC1Case1.LGTESTC1_EXEC_CICS_RETURN3_01.00001: EXEC CICS RETURN assertion" name="00015: Check for CA_ISSUE_DATE"/>
    <testcase classname="LGTESTC1_Dev_Unit_Tests.LGTESTC1_Scenario3.00001: LGTESTC1Case1.LGTESTC1_EXEC_CICS_RETURN3_01.00001: EXEC CICS RETURN assertion" name="00016: Check for CA_EXPIRY_DATE"/>
    <testcase classname="LGTESTC1_Dev_Unit_Tests.LGTESTC1_Scenario3.00001: LGTESTC1Case1.LGTESTC1_EXEC_CICS_RETURN3_01.00001: EXEC CICS RETURN assertion" name="00017: Check for CA_LASTCHANGED"/>
    <testcase classname="LGTESTC1_Dev_Unit_Tests.LGTESTC1_Scenario3.00001: LGTESTC1Case1.LGTESTC1_EXEC_CICS_RETURN3_01.00001: EXEC CICS RETURN assertion" name="00018: Check for CA_BROKERID"/>
    <testcase classname="LGTESTC1_Dev_Unit_Tests.LGTESTC1_Scenario3.00001: LGTESTC1Case1.LGTESTC1_EXEC_CICS_RETURN3_01.00001: EXEC CICS RETURN assertion" name="00019: Check for CA_BROKERSREF"/>
    <testcase classname="LGTESTC1_Dev_Unit_Tests.LGTESTC1_Scenario3.00001: LGTESTC1Case1.LGTESTC1_EXEC_CICS_RETURN3_01.00001: EXEC CICS RETURN assertion" name="00020: Check for CA_PAYMENT"/>
    <testcase classname="LGTESTC1_Dev_Unit_Tests.LGTESTC1_Scenario3.00001: LGTESTC1Case1.LGTESTC1_EXEC_CICS_RETURN3_01.00001: EXEC CICS RETURN assertion" name="00021: Check for CA_POLICY_SPECIFIC"/>
    <testcase classname="LGTESTC1_Dev_Unit_Tests.LGTESTC1_Scenario3.00001: LGTESTC1Case1.LGTESTC1_EXEC_CICS_RETURN3_01.00001: EXEC CICS RETURN assertion" name="00022: Check for CA_E_WITH_PROFITS"/>
    <testcase classname="LGTESTC1_Dev_Unit_Tests.LGTESTC1_Scenario3.00001: LGTESTC1Case1.LGTESTC1_EXEC_CICS_RETURN3_01.00001: EXEC CICS RETURN assertion" name="00023: Check for CA_E_EQUITIES"/>
    <testcase classname="LGTESTC1_Dev_Unit_Tests.LGTESTC1_Scenario3.00001: LGTESTC1Case1.LGTESTC1_EXEC_CICS_RETURN3_01.00001: EXEC CICS RETURN assertion" name="00024: Check for CA_E_MANAGED_FUND"/>
    <testcase classname="LGTESTC1_Dev_Unit_Tests.LGTESTC1_Scenario3.00001: LGTESTC1Case1.LGTESTC1_EXEC_CICS_RETURN3_01.00001: EXEC CICS RETURN assertion" name="00025: Check for CA_E_FUND_NAME"/>
    <testcase classname="LGTESTC1_Dev_Unit_Tests.LGTESTC1_Scenario3.00001: LGTESTC1Case1.LGTESTC1_EXEC_CICS_RETURN3_01.00001: EXEC CICS RETURN assertion" name="00026: Check for CA_E_TERM"/>
    <testcase classname="LGTESTC1_Dev_Unit_Tests.LGTESTC1_Scenario3.00001: LGTESTC1Case1.LGTESTC1_EXEC_CICS_RETURN3_01.00001: EXEC CICS RETURN assertion" name="00027: Check for CA_E_SUM_ASSURED"/>
    <testcase classname="LGTESTC1_Dev_Unit_Tests.LGTESTC1_Scenario3.00001: LGTESTC1Case1.LGTESTC1_EXEC_CICS_RETURN3_01.00001: EXEC CICS RETURN assertion" name="00028: Check for CA_E_LIFE_ASSURED"/>
    <testcase classname="LGTESTC1_Dev_Unit_Tests.LGTESTC1_Scenario3.00001: LGTESTC1Case1.LGTESTC1_EXEC_CICS_RETURN3_01.00001: EXEC CICS RETURN assertion" name="00029: Check for CA_E_PADDING_DATA"/>
    <testcase classname="LGTESTC1_Dev_Unit_Tests.LGTESTC1_Scenario3.00001: LGTESTC1Case1.LGTESTC1_EXEC_CICS_RETURN3_01.00001: EXEC CICS RETURN assertion" name="00030: Check for CA_H_PROPERTY_TYPE"/>
    <testcase classname="LGTESTC1_Dev_Unit_Tests.LGTESTC1_Scenario3.00001: LGTESTC1Case1.LGTESTC1_EXEC_CICS_RETURN3_01.00001: EXEC CICS RETURN assertion" name="00031: Check for CA_H_BEDROOMS"/>
    <testcase classname="LGTESTC1_Dev_Unit_Tests.LGTESTC1_Scenario3.00001: LGTESTC1Case1.LGTESTC1_EXEC_CICS_RETURN3_01.00001: EXEC CICS RETURN assertion" name="00032: Check for CA_H_VALUE"/>
    <testcase classname="LGTESTC1_Dev_Unit_Tests.LGTESTC1_Scenario3.00001: LGTESTC1Case1.LGTESTC1_EXEC_CICS_RETURN3_01.00001: EXEC CICS RETURN assertion" name="00033: Check for CA_H_HOUSE_NAME"/>
    <testcase classname="LGTESTC1_Dev_Unit_Tests.LGTESTC1_Scenario3.00001: LGTESTC1Case1.LGTESTC1_EXEC_CICS_RETURN3_01.00001: EXEC CICS RETURN assertion" name="00034: Check for CA_H_HOUSE_NUMBER"/>
    <testcase classname="LGTESTC1_Dev_Unit_Tests.LGTESTC1_Scenario3.00001: LGTESTC1Case1.LGTESTC1_EXEC_CICS_RETURN3_01.00001: EXEC CICS RETURN assertion" name="00035: Check for CA_H_POSTCODE"/>
    <testcase classname="LGTESTC1_Dev_Unit_Tests.LGTESTC1_Scenario3.00001: LGTESTC1Case1.LGTESTC1_EXEC_CICS_RETURN3_01.00001: EXEC CICS RETURN assertion" name="00036: Check for CA_H_FILLER"/>
    <testcase classname="LGTESTC1_Dev_Unit_Tests.LGTESTC1_Scenario3.00001: LGTESTC1Case1.LGTESTC1_EXEC_CICS_RETURN3_01.00001: EXEC CICS RETURN assertion" name="00037: Check for CA_M_MAKE"/>
    <testcase classname="LGTESTC1_Dev_Unit_Tests.LGTESTC1_Scenario3.00001: LGTESTC1Case1.LGTESTC1_EXEC_CICS_RETURN3_01.00001: EXEC CICS RETURN assertion" name="00038: Check for CA_M_MODEL"/>
    <testcase classname="LGTESTC1_Dev_Unit_Tests.LGTESTC1_Scenario3.00001: LGTESTC1Case1.LGTESTC1_EXEC_CICS_RETURN3_01.00001: EXEC CICS RETURN assertion" name="00039: Check for CA_M_VALUE"/>
    <testcase classname="LGTESTC1_Dev_Unit_Tests.LGTESTC1_Scenario3.00001: LGTESTC1Case1.LGTESTC1_EXEC_CICS_RETURN3_01.00001: EXEC CICS RETURN assertion" name="00040: Check for CA_M_REGNUMBER"/>
    <testcase classname="LGTESTC1_Dev_Unit_Tests.LGTESTC1_Scenario3.00001: LGTESTC1Case1.LGTESTC1_EXEC_CICS_RETURN3_01.00001: EXEC CICS RETURN assertion" name="00041: Check for CA_M_COLOUR"/>
    <testcase classname="LGTESTC1_Dev_Unit_Tests.LGTESTC1_Scenario3.00001: LGTESTC1Case1.LGTESTC1_EXEC_CICS_RETURN3_01.00001: EXEC CICS RETURN assertion" name="00042: Check for CA_M_CC"/>
    <testcase classname="LGTESTC1_Dev_Unit_Tests.LGTESTC1_Scenario3.00001: LGTESTC1Case1.LGTESTC1_EXEC_CICS_RETURN3_01.00001: EXEC CICS RETURN assertion" name="00043: Check for CA_M_MANUFACTURED"/>
    <testcase classname="LGTESTC1_Dev_Unit_Tests.LGTESTC1_Scenario3.00001: LGTESTC1Case1.LGTESTC1_EXEC_CICS_RETURN3_01.00001: EXEC CICS RETURN assertion" name="00044: Check for CA_M_FILLER"/>
    <testcase classname="LGTESTC1_Dev_Unit_Tests.LGTESTC1_Scenario3.00001: LGTESTC1Case1.LGTESTC1_EXEC_CICS_RETURN3_01.00001: EXEC CICS RETURN assertion" name="00045: Check for CA_B_Address"/>
    <testcase classname="LGTESTC1_Dev_Unit_Tests.LGTESTC1_Scenario3.00001: LGTESTC1Case1.LGTESTC1_EXEC_CICS_RETURN3_01.00001: EXEC CICS RETURN assertion" name="00046: Check for CA_B_Postcode"/>
    <testcase classname="LGTESTC1_Dev_Unit_Tests.LGTESTC1_Scenario3.00001: LGTESTC1Case1.LGTESTC1_EXEC_CICS_RETURN3_01.00001: EXEC CICS RETURN assertion" name="00047: Check for CA_B_Latitude"/>
    <testcase classname="LGTESTC1_Dev_Unit_Tests.LGTESTC1_Scenario3.00001: LGTESTC1Case1.LGTESTC1_EXEC_CICS_RETURN3_01.00001: EXEC CICS RETURN assertion" name="00048: Check for CA_B_Longitude"/>
    <testcase classname="LGTESTC1_Dev_Unit_Tests.LGTESTC1_Scenario3.00001: LGTESTC1Case1.LGTESTC1_EXEC_CICS_RETURN3_01.00001: EXEC CICS RETURN assertion" name="00049: Check for CA_B_Customer"/>
    <testcase classname="LGTESTC1_Dev_Unit_Tests.LGTESTC1_Scenario3.00001: LGTESTC1Case1.LGTESTC1_EXEC_CICS_RETURN3_01.00001: EXEC CICS RETURN assertion" name="00050: Check for CA_B_PropType"/>
    <testcase classname="LGTESTC1_Dev_Unit_Tests.LGTESTC1_Scenario3.00001: LGTESTC1Case1.LGTESTC1_EXEC_CICS_RETURN3_01.00001: EXEC CICS RETURN assertion" name="00051: Check for CA_B_FirePeril"/>
    <testcase classname="LGTESTC1_Dev_Unit_Tests.LGTESTC1_Scenario3.00001: LGTESTC1Case1.LGTESTC1_EXEC_CICS_RETURN3_01.00001: EXEC CICS RETURN assertion" name="00052: Check for CA_B_FirePremium"/>
    <testcase classname="LGTESTC1_Dev_Unit_Tests.LGTESTC1_Scenario3.00001: LGTESTC1Case1.LGTESTC1_EXEC_CICS_RETURN3_01.00001: EXEC CICS RETURN assertion" name="00053: Check for CA_B_CrimePeril"/>
    <testcase classname="LGTESTC1_Dev_Unit_Tests.LGTESTC1_Scenario3.00001: LGTESTC1Case1.LGTESTC1_EXEC_CICS_RETURN3_01.00001: EXEC CICS RETURN assertion" name="00054: Check for CA_B_CrimePremium"/>
    <testcase classname="LGTESTC1_Dev_Unit_Tests.LGTESTC1_Scenario3.00001: LGTESTC1Case1.LGTESTC1_EXEC_CICS_RETURN3_01.00001: EXEC CICS RETURN assertion" name="00055: Check for CA_B_FloodPeril"/>
    <testcase classname="LGTESTC1_Dev_Unit_Tests.LGTESTC1_Scenario3.00001: LGTESTC1Case1.LGTESTC1_EXEC_CICS_RETURN3_01.00001: EXEC CICS RETURN assertion" name="00056: Check for CA_B_FloodPremium"/>
    <testcase classname="LGTESTC1_Dev_Unit_Tests.LGTESTC1_Scenario3.00001: LGTESTC1Case1.LGTESTC1_EXEC_CICS_RETURN3_01.00001: EXEC CICS RETURN assertion" name="00057: Check for CA_B_WeatherPeril"/>
    <testcase classname="LGTESTC1_Dev_Unit_Tests.LGTESTC1_Scenario3.00001: LGTESTC1Case1.LGTESTC1_EXEC_CICS_RETURN3_01.00001: EXEC CICS RETURN assertion" name="00058: Check for CA_B_WeatherPremium"/>
    <testcase classname="LGTESTC1_Dev_Unit_Tests.LGTESTC1_Scenario3.00001: LGTESTC1Case1.LGTESTC1_EXEC_CICS_RETURN3_01.00001: EXEC CICS RETURN assertion" name="00059: Check for CA_B_Status"/>
    <testcase classname="LGTESTC1_Dev_Unit_Tests.LGTESTC1_Scenario3.00001: LGTESTC1Case1.LGTESTC1_EXEC_CICS_RETURN3_01.00001: EXEC CICS RETURN assertion" name="00060: Check for CA_B_RejectReason"/>
    <testcase classname="LGTESTC1_Dev_Unit_Tests.LGTESTC1_Scenario3.00001: LGTESTC1Case1.LGTESTC1_EXEC_CICS_RETURN3_01.00001: EXEC CICS RETURN assertion" name="00061: Check for CA_B_FILLER"/>
    <testcase classname="LGTESTC1_Dev_Unit_Tests.LGTESTC1_Scenario3.00001: LGTESTC1Case1.LGTESTC1_EXEC_CICS_RETURN3_01.00001: EXEC CICS RETURN assertion" name="00062: Check for CA_C_Num"/>
    <testcase classname="LGTESTC1_Dev_Unit_Tests.LGTESTC1_Scenario3.00001: LGTESTC1Case1.LGTESTC1_EXEC_CICS_RETURN3_01.00001: EXEC CICS RETURN assertion" name="00063: Check for CA_C_Date"/>
    <testcase classname="LGTESTC1_Dev_Unit_Tests.LGTESTC1_Scenario3.00001: LGTESTC1Case1.LGTESTC1_EXEC_CICS_RETURN3_01.00001: EXEC CICS RETURN assertion" name="00064: Check for CA_C_Paid"/>
    <testcase classname="LGTESTC1_Dev_Unit_Tests.LGTESTC1_Scenario3.00001: LGTESTC1Case1.LGTESTC1_EXEC_CICS_RETURN3_01.00001: EXEC CICS RETURN assertion" name="00065: Check for CA_C_Value"/>
    <testcase classname="LGTESTC1_Dev_Unit_Tests.LGTESTC1_Scenario3.00001: LGTESTC1Case1.LGTESTC1_EXEC_CICS_RETURN3_01.00001: EXEC CICS RETURN assertion" name="00066: Check for CA_C_Cause"/>
    <testcase classname="LGTESTC1_Dev_Unit_Tests.LGTESTC1_Scenario3.00001: LGTESTC1Case1.LGTESTC1_EXEC_CICS_RETURN3_01.00001: EXEC CICS RETURN assertion" name="00067: Check for CA_C_Observations"/>
    <testcase classname="LGTESTC1_Dev_Unit_Tests.LGTESTC1_Scenario3.00001: LGTESTC1Case1.LGTESTC1_EXEC_CICS_RETURN3_01.00001: EXEC CICS RETURN assertion" name="00068: Check for SQL_TEMP"/>
    <testcase classname="LGTESTC1_Dev_Unit_Tests.LGTESTC1_Scenario3.00001: LGTESTC1Case1.LGTESTC1_EXEC_CICS_RETURN3_01.00001: EXEC CICS RETURN assertion" name="00069: Check for DSN_TEMP"/>
    <testcase classname="LGTESTC1_Dev_Unit_Tests.LGTESTC1_Scenario3.00001: LGTESTC1Case1.LGTESTC1_EXEC_CICS_RETURN3_01.00001: EXEC CICS RETURN assertion" name="00070: Check for DSN_TMP2"/>
    <testcase classname="LGTESTC1_Dev_Unit_Tests.LGTESTC1_Scenario3.00001: LGTESTC1Case1.LGTESTC1_EXEC_CICS_RETURN3_01.00001: EXEC CICS RETURN assertion" name="00071: Check for DSNNROWS"/>
    <testcase classname="LGTESTC1_Dev_Unit_Tests.LGTESTC1_Scenario3.00001: LGTESTC1Case1.LGTESTC1_EXEC_CICS_RETURN3_01.00001: EXEC CICS RETURN assertion" name="00072: Check for DSNNTYPE"/>
    <testcase classname="LGTESTC1_Dev_Unit_Tests.LGTESTC1_Scenario3.00001: LGTESTC1Case1.LGTESTC1_EXEC_CICS_RETURN3_01.00001: EXEC CICS RETURN assertion" name="00073: Check for DSNNLEN"/>
    <testcase classname="LGTESTC1_Dev_Unit_Tests.LGTESTC1_Scenario3.00001: LGTESTC1Case1.LGTESTC1_EXEC_CICS_RETURN3_01.00001: EXEC CICS RETURN assertion" name="00074: Check for SQL_NULL"/>
    <testcase classname="LGTESTC1_Dev_Unit_Tests.LGTESTC1_Scenario3.00001: LGTESTC1Case1.LGTESTC1_EXEC_CICS_RETURN3_01.00001: EXEC CICS RETURN assertion" name="00075: Check for SQL_INIT_FLAG"/>
    <testcase classname="LGTESTC1_Dev_Unit_Tests.LGTESTC1_Scenario3.00001: LGTESTC1Case1.LGTESTC1_EXEC_CICS_RETURN3_01.00001: EXEC CICS RETURN assertion" name="00076: Check for SQL_FILE_READ"/>
    <testcase classname="LGTESTC1_Dev_Unit_Tests.LGTESTC1_Scenario3.00001: LGTESTC1Case1.LGTESTC1_EXEC_CICS_RETURN3_01.00001: EXEC CICS RETURN assertion" name="00077: Check for SQL_FILE_CREATE"/>
    <testcase classname="LGTESTC1_Dev_Unit_Tests.LGTESTC1_Scenario3.00001: LGTESTC1Case1.LGTESTC1_EXEC_CICS_RETURN3_01.00001: EXEC CICS RETURN assertion" name="00078: Check for SQL_FILE_OVERWRITE"/>
    <testcase classname="LGTESTC1_Dev_Unit_Tests.LGTESTC1_Scenario3.00001: LGTESTC1Case1.LGTESTC1_EXEC_CICS_RETURN3_01.00001: EXEC CICS RETURN assertion" name="00079: Check for SQL_FILE_APPEND"/>
  </testsuite>
  <testsuite errors="0" failures="0" name="LGTESTC1_Dev_Unit_Tests.LGTESTC1_Scenario3.00001: LGTESTC1Case1.LGTESTC1_SUBP_LGICUS01_03.00001: EXEC CICS LINK assertion" tests="37">
    <testcase classname="LGTESTC1_Dev_Unit_Tests.LGTESTC1_Scenario3.00001: LGTESTC1Case1.LGTESTC1_SUBP_LGICUS01_03.00001: EXEC CICS LINK assertion" name="00001: Check for dfhc0080"/>
    <testcase classname="LGTESTC1_Dev_Unit_Tests.LGTESTC1_Scenario3.00001: LGTESTC1Case1.LGTESTC1_SUBP_LGICUS01_03.00001: EXEC CICS LINK assertion" name="00002: Check for CA_REQUEST_ID"/>
    <testcase classname="LGTESTC1_Dev_Unit_Tests.LGTESTC1_Scenario3.00001: LGTESTC1Case1.LGTESTC1_SUBP_LGICUS01_03.00001: EXEC CICS LINK assertion" name="00003: Check for CA_CUSTOMER_NUM"/>
    <testcase classname="LGTESTC1_Dev_Unit_Tests.LGTESTC1_Scenario3.00001: LGTESTC1Case1.LGTESTC1_SUBP_LGICUS01_03.00001: EXEC CICS LINK assertion" name="00004: Check for CA_NUM_POLICIES"/>
    <testcase classname="LGTESTC1_Dev_Unit_Tests.LGTESTC1_Scenario3.00001: LGTESTC1Case1.LGTESTC1_SUBP_LGICUS01_03.00001: EXEC CICS LINK assertion" name="00005: Check for CA_BROKERID"/>
    <testcase classname="LGTESTC1_Dev_Unit_Tests.LGTESTC1_Scenario3.00001: LGTESTC1Case1.LGTESTC1_SUBP_LGICUS01_03.00001: EXEC CICS LINK assertion" name="00006: Check for CA_PAYMENT"/>
    <testcase classname="LGTESTC1_Dev_Unit_Tests.LGTESTC1_Scenario3.00001: LGTESTC1Case1.LGTESTC1_SUBP_LGICUS01_03.00001: EXEC CICS LINK assertion" name="00007: Check for CA_E_TERM"/>
    <testcase classname="LGTESTC1_Dev_Unit_Tests.LGTESTC1_Scenario3.00001: LGTESTC1Case1.LGTESTC1_SUBP_LGICUS01_03.00001: EXEC CICS LINK assertion" name="00008: Check for CA_E_SUM_ASSURED"/>
    <testcase classname="LGTESTC1_Dev_Unit_Tests.LGTESTC1_Scenario3.00001: LGTESTC1Case1.LGTESTC1_SUBP_LGICUS01_03.00001: EXEC CICS LINK assertion" name="00009: Check for CA_H_BEDROOMS"/>
    <testcase classname="LGTESTC1_Dev_Unit_Tests.LGTESTC1_Scenario3.00001: LGTESTC1Case1.LGTESTC1_SUBP_LGICUS01_03.00001: EXEC CICS LINK assertion" name="00010: Check for CA_H_VALUE"/>
    <testcase classname="LGTESTC1_Dev_Unit_Tests.LGTESTC1_Scenario3.00001: LGTESTC1Case1.LGTESTC1_SUBP_LGICUS01_03.00001: EXEC CICS LINK assertion" name="00011: Check for CA_M_VALUE"/>
    <testcase classname="LGTESTC1_Dev_Unit_Tests.LGTESTC1_Scenario3.00001: LGTESTC1Case1.LGTESTC1_SUBP_LGICUS01_03.00001: EXEC CICS LINK assertion" name="00012: Check for CA_M_CC"/>
    <testcase classname="LGTESTC1_Dev_Unit_Tests.LGTESTC1_Scenario3.00001: LGTESTC1Case1.LGTESTC1_SUBP_LGICUS01_03.00001: EXEC CICS LINK assertion" name="00013: Check for CA_B_FirePeril"/>
    <testcase classname="LGTESTC1_Dev_Unit_Tests.LGTESTC1_Scenario3.00001: LGTESTC1Case1.LGTESTC1_SUBP_LGICUS01_03.00001: EXEC CICS LINK assertion" name="00014: Check for CA_B_FirePremium"/>
    <testcase classname="LGTESTC1_Dev_Unit_Tests.LGTESTC1_Scenario3.00001: LGTESTC1Case1.LGTESTC1_SUBP_LGICUS01_03.00001: EXEC CICS LINK assertion" name="00015: Check for CA_B_CrimePeril"/>
    <testcase classname="LGTESTC1_Dev_Unit_Tests.LGTESTC1_Scenario3.00001: LGTESTC1Case1.LGTESTC1_SUBP_LGICUS01_03.00001: EXEC CICS LINK assertion" name="00016: Check for CA_B_CrimePremium"/>
    <testcase classname="LGTESTC1_Dev_Unit_Tests.LGTESTC1_Scenario3.00001: LGTESTC1Case1.LGTESTC1_SUBP_LGICUS01_03.00001: EXEC CICS LINK assertion" name="00017: Check for CA_B_FloodPeril"/>
    <testcase classname="LGTESTC1_Dev_Unit_Tests.LGTESTC1_Scenario3.00001: LGTESTC1Case1.LGTESTC1_SUBP_LGICUS01_03.00001: EXEC CICS LINK assertion" name="00018: Check for CA_B_FloodPremium"/>
    <testcase classname="LGTESTC1_Dev_Unit_Tests.LGTESTC1_Scenario3.00001: LGTESTC1Case1.LGTESTC1_SUBP_LGICUS01_03.00001: EXEC CICS LINK assertion" name="00019: Check for CA_B_WeatherPeril"/>
    <testcase classname="LGTESTC1_Dev_Unit_Tests.LGTESTC1_Scenario3.00001: LGTESTC1Case1.LGTESTC1_SUBP_LGICUS01_03.00001: EXEC CICS LINK assertion" name="00020: Check for CA_B_WeatherPremium"/>
    <testcase classname="LGTESTC1_Dev_Unit_Tests.LGTESTC1_Scenario3.00001: LGTESTC1Case1.LGTESTC1_SUBP_LGICUS01_03.00001: EXEC CICS LINK assertion" name="00021: Check for CA_B_Status"/>
    <testcase classname="LGTESTC1_Dev_Unit_Tests.LGTESTC1_Scenario3.00001: LGTESTC1Case1.LGTESTC1_SUBP_LGICUS01_03.00001: EXEC CICS LINK assertion" name="00022: Check for CA_C_Num"/>
    <testcase classname="LGTESTC1_Dev_Unit_Tests.LGTESTC1_Scenario3.00001: LGTESTC1Case1.LGTESTC1_SUBP_LGICUS01_03.00001: EXEC CICS LINK assertion" name="00023: Check for CA_C_Paid"/>
    <testcase classname="LGTESTC1_Dev_Unit_Tests.LGTESTC1_Scenario3.00001: LGTESTC1Case1.LGTESTC1_SUBP_LGICUS01_03.00001: EXEC CICS LINK assertion" name="00024: Check for CA_C_Value"/>
    <testcase classname="LGTESTC1_Dev_Unit_Tests.LGTESTC1_Scenario3.00001: LGTESTC1Case1.LGTESTC1_SUBP_LGICUS01_03.00001: EXEC CICS LINK assertion" name="00025: Check for SQL_TEMP"/>
    <testcase classname="LGTESTC1_Dev_Unit_Tests.LGTESTC1_Scenario3.00001: LGTESTC1Case1.LGTESTC1_SUBP_LGICUS01_03.00001: EXEC CICS LINK assertion" name="00026: Check for DSN_TEMP"/>
    <testcase classname="LGTESTC1_Dev_Unit_Tests.LGTESTC1_Scenario3.00001: LGTESTC1Case1.LGTESTC1_SUBP_LGICUS01_03.00001: EXEC CICS LINK assertion" name="00027: Check for DSN_TMP2"/>
    <testcase classname="LGTESTC1_Dev_Unit_Tests.LGTESTC1_Scenario3.00001: LGTESTC1Case1.LGTESTC1_SUBP_LGICUS01_03.00001: EXEC CICS LINK assertion" name="00028: Check for DSNNROWS"/>
    <testcase classname="LGTESTC1_Dev_Unit_Tests.LGTESTC1_Scenario3.00001: LGTESTC1Case1.LGTESTC1_SUBP_LGICUS01_03.00001: EXEC CICS LINK assertion" name="00029: Check for DSNNTYPE"/>
    <testcase classname="LGTESTC1_Dev_Unit_Tests.LGTESTC1_Scenario3.00001: LGTESTC1Case1.LGTESTC1_SUBP_LGICUS01_03.00001: EXEC CICS LINK assertion" name="00030: Check for DSNNLEN"/>
    <testcase classname="LGTESTC1_Dev_Unit_Tests.LGTESTC1_Scenario3.00001: LGTESTC1Case1.LGTESTC1_SUBP_LGICUS01_03.00001: EXEC CICS LINK assertion" name="00031: Check for SQL_NULL"/>
    <testcase classname="LGTESTC1_Dev_Unit_Tests.LGTESTC1_Scenario3.00001: LGTESTC1Case1.LGTESTC1_SUBP_LGICUS01_03.00001: EXEC CICS LINK assertion" name="00032: Check for SQL_INIT_FLAG"/>
    <testcase classname="LGTESTC1_Dev_Unit_Tests.LGTESTC1_Scenario3.00001: LGTESTC1Case1.LGTESTC1_SUBP_LGICUS01_03.00001: EXEC CICS LINK assertion" name="00033: Check for SQL_FILE_READ"/>
    <testcase classname="LGTESTC1_Dev_Unit_Tests.LGTESTC1_Scenario3.00001: LGTESTC1Case1.LGTESTC1_SUBP_LGICUS01_03.00001: EXEC CICS LINK assertion" name="00034: Check for SQL_FILE_CREATE"/>
    <testcase classname="LGTESTC1_Dev_Unit_Tests.LGTESTC1_Scenario3.00001: LGTESTC1Case1.LGTESTC1_SUBP_LGICUS01_03.00001: EXEC CICS LINK assertion" name="00035: Check for SQL_FILE_OVERWRITE"/>
    <testcase classname="LGTESTC1_Dev_Unit_Tests.LGTESTC1_Scenario3.00001: LGTESTC1Case1.LGTESTC1_SUBP_LGICUS01_03.00001: EXEC CICS LINK assertion" name="00036: Check for SQL_FILE_APPEND"/>
    <testcase classname="LGTESTC1_Dev_Unit_Tests.LGTESTC1_Scenario3.00001: LGTESTC1Case1.LGTESTC1_SUBP_LGICUS01_03.00001: EXEC CICS LINK assertion" name="00037: Check for dfhb0020"/>
  </testsuite>
</testsuites>