<?xml version="1.0" encoding="UTF-8"?>
<?totaltestVersion 19.3.1.v20181214-1343_790?>
<!--Topaz for Total Test 19.3.1.v20181214-1343_790 21.02.2019 15:43:34-->
<testsuites>
  <testsuite errors="0" failures="0" name="LGTESTC1_Dev_Unit_Tests.LGTESTC1_Scenario2.00001: LGTESTC1Case1" tests="32">
    <testcase classname="LGTESTC1_Dev_Unit_Tests.LGTESTC1_Scenario2.00001: LGTESTC1Case1" name="00001: Check for eibtime"/>
    <testcase classname="LGTESTC1_Dev_Unit_Tests.LGTESTC1_Scenario2.00001: LGTESTC1Case1" name="00002: Check for eibdate"/>
    <testcase classname="LGTESTC1_Dev_Unit_Tests.LGTESTC1_Scenario2.00001: LGTESTC1Case1" name="00003: Check for eibtrnid"/>
    <testcase classname="LGTESTC1_Dev_Unit_Tests.LGTESTC1_Scenario2.00001: LGTESTC1Case1" name="00004: Check for eibtaskn"/>
    <testcase classname="LGTESTC1_Dev_Unit_Tests.LGTESTC1_Scenario2.00001: LGTESTC1Case1" name="00005: Check for eibtrmid"/>
    <testcase classname="LGTESTC1_Dev_Unit_Tests.LGTESTC1_Scenario2.00001: LGTESTC1Case1" name="00006: Check for dfheigdi"/>
    <testcase classname="LGTESTC1_Dev_Unit_Tests.LGTESTC1_Scenario2.00001: LGTESTC1Case1" name="00007: Check for eibcposn"/>
    <testcase classname="LGTESTC1_Dev_Unit_Tests.LGTESTC1_Scenario2.00001: LGTESTC1Case1" name="00008: Check for eibcalen"/>
    <testcase classname="LGTESTC1_Dev_Unit_Tests.LGTESTC1_Scenario2.00001: LGTESTC1Case1" name="00009: Check for eibaid"/>
    <testcase classname="LGTESTC1_Dev_Unit_Tests.LGTESTC1_Scenario2.00001: LGTESTC1Case1" name="00010: Check for eibfn"/>
    <testcase classname="LGTESTC1_Dev_Unit_Tests.LGTESTC1_Scenario2.00001: LGTESTC1Case1" name="00011: Check for eibrcode"/>
    <testcase classname="LGTESTC1_Dev_Unit_Tests.LGTESTC1_Scenario2.00001: LGTESTC1Case1" name="00012: Check for eibds"/>
    <testcase classname="LGTESTC1_Dev_Unit_Tests.LGTESTC1_Scenario2.00001: LGTESTC1Case1" name="00013: Check for eibreqid"/>
    <testcase classname="LGTESTC1_Dev_Unit_Tests.LGTESTC1_Scenario2.00001: LGTESTC1Case1" name="00014: Check for eibrsrce"/>
    <testcase classname="LGTESTC1_Dev_Unit_Tests.LGTESTC1_Scenario2.00001: LGTESTC1Case1" name="00015: Check for eibsync"/>
    <testcase classname="LGTESTC1_Dev_Unit_Tests.LGTESTC1_Scenario2.00001: LGTESTC1Case1" name="00016: Check for eibfree"/>
    <testcase classname="LGTESTC1_Dev_Unit_Tests.LGTESTC1_Scenario2.00001: LGTESTC1Case1" name="00017: Check for eibrecv"/>
    <testcase classname="LGTESTC1_Dev_Unit_Tests.LGTESTC1_Scenario2.00001: LGTESTC1Case1" name="00018: Check for eibfil01"/>
    <testcase classname="LGTESTC1_Dev_Unit_Tests.LGTESTC1_Scenario2.00001: LGTESTC1Case1" name="00019: Check for eibatt"/>
    <testcase classname="LGTESTC1_Dev_Unit_Tests.LGTESTC1_Scenario2.00001: LGTESTC1Case1" name="00020: Check for eibeoc"/>
    <testcase classname="LGTESTC1_Dev_Unit_Tests.LGTESTC1_Scenario2.00001: LGTESTC1Case1" name="00021: Check for eibfmh"/>
    <testcase classname="LGTESTC1_Dev_Unit_Tests.LGTESTC1_Scenario2.00001: LGTESTC1Case1" name="00022: Check for eibcompl"/>
    <testcase classname="LGTESTC1_Dev_Unit_Tests.LGTESTC1_Scenario2.00001: LGTESTC1Case1" name="00023: Check for eibsig"/>
    <testcase classname="LGTESTC1_Dev_Unit_Tests.LGTESTC1_Scenario2.00001: LGTESTC1Case1" name="00024: Check for eibconf"/>
    <testcase classname="LGTESTC1_Dev_Unit_Tests.LGTESTC1_Scenario2.00001: LGTESTC1Case1" name="00025: Check for eiberr"/>
    <testcase classname="LGTESTC1_Dev_Unit_Tests.LGTESTC1_Scenario2.00001: LGTESTC1Case1" name="00026: Check for eiberrcd"/>
    <testcase classname="LGTESTC1_Dev_Unit_Tests.LGTESTC1_Scenario2.00001: LGTESTC1Case1" name="00027: Check for eibsynrb"/>
    <testcase classname="LGTESTC1_Dev_Unit_Tests.LGTESTC1_Scenario2.00001: LGTESTC1Case1" name="00028: Check for eibnodat"/>
    <testcase classname="LGTESTC1_Dev_Unit_Tests.LGTESTC1_Scenario2.00001: LGTESTC1Case1" name="00029: Check for eibresp"/>
    <testcase classname="LGTESTC1_Dev_Unit_Tests.LGTESTC1_Scenario2.00001: LGTESTC1Case1" name="00030: Check for eibresp2"/>
    <testcase classname="LGTESTC1_Dev_Unit_Tests.LGTESTC1_Scenario2.00001: LGTESTC1Case1" name="00031: Check for eibrldbk"/>
    <testcase classname="LGTESTC1_Dev_Unit_Tests.LGTESTC1_Scenario2.00001: LGTESTC1Case1" name="00032: Check for dfhcommarea"/>
  </testsuite>
  <testsuite errors="0" failures="0" name="LGTESTC1_Dev_Unit_Tests.LGTESTC1_Scenario2.00001: LGTESTC1Case1.LGTESTC1_HANDLE_02.00001: EXEC CICS HANDLE assertion" tests="0">
    <testcase classname="LGTESTC1_Dev_Unit_Tests.LGTESTC1_Scenario2.00001: LGTESTC1Case1.LGTESTC1_HANDLE_02.00001: EXEC CICS HANDLE assertion" name="EXEC CICS HANDLE"/>
  </testsuite>
  <testsuite errors="0" failures="0" name="LGTESTC1_Dev_Unit_Tests.LGTESTC1_Scenario2.00001: LGTESTC1Case1.LGTESTC1_SEND_RECEIVE_02.00001: EXEC CICS HANDLE assertion" tests="0">
    <testcase classname="LGTESTC1_Dev_Unit_Tests.LGTESTC1_Scenario2.00001: LGTESTC1Case1.LGTESTC1_SEND_RECEIVE_02.00001: EXEC CICS HANDLE assertion" name="EXEC CICS HANDLE"/>
  </testsuite>
  <testsuite errors="0" failures="0" name="LGTESTC1_Dev_Unit_Tests.LGTESTC1_Scenario2.00001: LGTESTC1Case1.LGTESTC1_SUBP_LGICUS01_02.00001: EXEC CICS LINK assertion" tests="15">
    <testcase classname="LGTESTC1_Dev_Unit_Tests.LGTESTC1_Scenario2.00001: LGTESTC1Case1.LGTESTC1_SUBP_LGICUS01_02.00001: EXEC CICS LINK assertion" name="00001: dfhc0080"/>
    <testcase classname="LGTESTC1_Dev_Unit_Tests.LGTESTC1_Scenario2.00001: LGTESTC1Case1.LGTESTC1_SUBP_LGICUS01_02.00001: EXEC CICS LINK assertion" name="00002: CA_REQUEST_ID"/>
    <testcase classname="LGTESTC1_Dev_Unit_Tests.LGTESTC1_Scenario2.00001: LGTESTC1Case1.LGTESTC1_SUBP_LGICUS01_02.00001: EXEC CICS LINK assertion" name="00003: CA_CUSTOMER_NUM"/>
    <testcase classname="LGTESTC1_Dev_Unit_Tests.LGTESTC1_Scenario2.00001: LGTESTC1Case1.LGTESTC1_SUBP_LGICUS01_02.00001: EXEC CICS LINK assertion" name="00004: SQL_TEMP"/>
    <testcase classname="LGTESTC1_Dev_Unit_Tests.LGTESTC1_Scenario2.00001: LGTESTC1Case1.LGTESTC1_SUBP_LGICUS01_02.00001: EXEC CICS LINK assertion" name="00005: DSN_TEMP"/>
    <testcase classname="LGTESTC1_Dev_Unit_Tests.LGTESTC1_Scenario2.00001: LGTESTC1Case1.LGTESTC1_SUBP_LGICUS01_02.00001: EXEC CICS LINK assertion" name="00006: DSNNROWS"/>
    <testcase classname="LGTESTC1_Dev_Unit_Tests.LGTESTC1_Scenario2.00001: LGTESTC1Case1.LGTESTC1_SUBP_LGICUS01_02.00001: EXEC CICS LINK assertion" name="00007: DSNNTYPE"/>
    <testcase classname="LGTESTC1_Dev_Unit_Tests.LGTESTC1_Scenario2.00001: LGTESTC1Case1.LGTESTC1_SUBP_LGICUS01_02.00001: EXEC CICS LINK assertion" name="00008: DSNNLEN"/>
    <testcase classname="LGTESTC1_Dev_Unit_Tests.LGTESTC1_Scenario2.00001: LGTESTC1Case1.LGTESTC1_SUBP_LGICUS01_02.00001: EXEC CICS LINK assertion" name="00009: SQL_NULL"/>
    <testcase classname="LGTESTC1_Dev_Unit_Tests.LGTESTC1_Scenario2.00001: LGTESTC1Case1.LGTESTC1_SUBP_LGICUS01_02.00001: EXEC CICS LINK assertion" name="00010: SQL_INIT_FLAG"/>
    <testcase classname="LGTESTC1_Dev_Unit_Tests.LGTESTC1_Scenario2.00001: LGTESTC1Case1.LGTESTC1_SUBP_LGICUS01_02.00001: EXEC CICS LINK assertion" name="00011: SQL_FILE_READ"/>
    <testcase classname="LGTESTC1_Dev_Unit_Tests.LGTESTC1_Scenario2.00001: LGTESTC1Case1.LGTESTC1_SUBP_LGICUS01_02.00001: EXEC CICS LINK assertion" name="00012: SQL_FILE_CREATE"/>
    <testcase classname="LGTESTC1_Dev_Unit_Tests.LGTESTC1_Scenario2.00001: LGTESTC1Case1.LGTESTC1_SUBP_LGICUS01_02.00001: EXEC CICS LINK assertion" name="00013: SQL_FILE_OVERWRITE"/>
    <testcase classname="LGTESTC1_Dev_Unit_Tests.LGTESTC1_Scenario2.00001: LGTESTC1Case1.LGTESTC1_SUBP_LGICUS01_02.00001: EXEC CICS LINK assertion" name="00014: SQL_FILE_APPEND"/>
    <testcase classname="LGTESTC1_Dev_Unit_Tests.LGTESTC1_Scenario2.00001: LGTESTC1Case1.LGTESTC1_SUBP_LGICUS01_02.00001: EXEC CICS LINK assertion" name="00015: dfhb0020"/>
  </testsuite>
  <testsuite errors="0" failures="1" name="LGTESTC1_Dev_Unit_Tests.LGTESTC1_Scenario2.00001: LGTESTC1Case1.LGTESTC1_EXEC_CICS_RETURN2_01.00001: EXEC CICS RETURN assertion" tests="57">
    <testcase classname="LGTESTC1_Dev_Unit_Tests.LGTESTC1_Scenario2.00001: LGTESTC1Case1.LGTESTC1_EXEC_CICS_RETURN2_01.00001: EXEC CICS RETURN assertion" name="00001: dfhc0040"/>
    <testcase classname="LGTESTC1_Dev_Unit_Tests.LGTESTC1_Scenario2.00001: LGTESTC1Case1.LGTESTC1_EXEC_CICS_RETURN2_01.00001: EXEC CICS RETURN assertion" name="00002: CA_REQUEST_ID"/>
    <testcase classname="LGTESTC1_Dev_Unit_Tests.LGTESTC1_Scenario2.00001: LGTESTC1Case1.LGTESTC1_EXEC_CICS_RETURN2_01.00001: EXEC CICS RETURN assertion" name="00003: CA_RETURN_CODE"/>
    <testcase classname="LGTESTC1_Dev_Unit_Tests.LGTESTC1_Scenario2.00001: LGTESTC1Case1.LGTESTC1_EXEC_CICS_RETURN2_01.00001: EXEC CICS RETURN assertion" name="00004: CA_CUSTOMER_NUM"/>
    <testcase classname="LGTESTC1_Dev_Unit_Tests.LGTESTC1_Scenario2.00001: LGTESTC1Case1.LGTESTC1_EXEC_CICS_RETURN2_01.00001: EXEC CICS RETURN assertion" name="00005: CA_REQUEST_SPECIFIC"/>
    <testcase classname="LGTESTC1_Dev_Unit_Tests.LGTESTC1_Scenario2.00001: LGTESTC1Case1.LGTESTC1_EXEC_CICS_RETURN2_01.00001: EXEC CICS RETURN assertion" name="00006: CA_FIRST_NAME"/>
    <testcase classname="LGTESTC1_Dev_Unit_Tests.LGTESTC1_Scenario2.00001: LGTESTC1Case1.LGTESTC1_EXEC_CICS_RETURN2_01.00001: EXEC CICS RETURN assertion" name="00007: CA_LAST_NAME"/>
    <testcase classname="LGTESTC1_Dev_Unit_Tests.LGTESTC1_Scenario2.00001: LGTESTC1Case1.LGTESTC1_EXEC_CICS_RETURN2_01.00001: EXEC CICS RETURN assertion" name="00008: CA_DOB"/>
    <testcase classname="LGTESTC1_Dev_Unit_Tests.LGTESTC1_Scenario2.00001: LGTESTC1Case1.LGTESTC1_EXEC_CICS_RETURN2_01.00001: EXEC CICS RETURN assertion" name="00009: CA_HOUSE_NAME"/>
    <testcase classname="LGTESTC1_Dev_Unit_Tests.LGTESTC1_Scenario2.00001: LGTESTC1Case1.LGTESTC1_EXEC_CICS_RETURN2_01.00001: EXEC CICS RETURN assertion" name="00010: CA_HOUSE_NUM"/>
    <testcase classname="LGTESTC1_Dev_Unit_Tests.LGTESTC1_Scenario2.00001: LGTESTC1Case1.LGTESTC1_EXEC_CICS_RETURN2_01.00001: EXEC CICS RETURN assertion" name="00011: CA_POSTCODE"/>
    <testcase classname="LGTESTC1_Dev_Unit_Tests.LGTESTC1_Scenario2.00001: LGTESTC1Case1.LGTESTC1_EXEC_CICS_RETURN2_01.00001: EXEC CICS RETURN assertion" name="00012: CA_POLICY_DATA"/>
    <testcase classname="LGTESTC1_Dev_Unit_Tests.LGTESTC1_Scenario2.00001: LGTESTC1Case1.LGTESTC1_EXEC_CICS_RETURN2_01.00001: EXEC CICS RETURN assertion" name="00013: CA_ISSUE_DATE"/>
    <testcase classname="LGTESTC1_Dev_Unit_Tests.LGTESTC1_Scenario2.00001: LGTESTC1Case1.LGTESTC1_EXEC_CICS_RETURN2_01.00001: EXEC CICS RETURN assertion" name="00014: CA_EXPIRY_DATE"/>
    <testcase classname="LGTESTC1_Dev_Unit_Tests.LGTESTC1_Scenario2.00001: LGTESTC1Case1.LGTESTC1_EXEC_CICS_RETURN2_01.00001: EXEC CICS RETURN assertion" name="00015: CA_LASTCHANGED"/>
    <testcase classname="LGTESTC1_Dev_Unit_Tests.LGTESTC1_Scenario2.00001: LGTESTC1Case1.LGTESTC1_EXEC_CICS_RETURN2_01.00001: EXEC CICS RETURN assertion" name="00016: CA_BROKERSREF"/>
    <testcase classname="LGTESTC1_Dev_Unit_Tests.LGTESTC1_Scenario2.00001: LGTESTC1Case1.LGTESTC1_EXEC_CICS_RETURN2_01.00001: EXEC CICS RETURN assertion" name="00017: CA_POLICY_SPECIFIC"/>
    <testcase classname="LGTESTC1_Dev_Unit_Tests.LGTESTC1_Scenario2.00001: LGTESTC1Case1.LGTESTC1_EXEC_CICS_RETURN2_01.00001: EXEC CICS RETURN assertion" name="00018: CA_E_WITH_PROFITS"/>
    <testcase classname="LGTESTC1_Dev_Unit_Tests.LGTESTC1_Scenario2.00001: LGTESTC1Case1.LGTESTC1_EXEC_CICS_RETURN2_01.00001: EXEC CICS RETURN assertion" name="00019: CA_E_EQUITIES"/>
    <testcase classname="LGTESTC1_Dev_Unit_Tests.LGTESTC1_Scenario2.00001: LGTESTC1Case1.LGTESTC1_EXEC_CICS_RETURN2_01.00001: EXEC CICS RETURN assertion" name="00020: CA_E_MANAGED_FUND"/>
    <testcase classname="LGTESTC1_Dev_Unit_Tests.LGTESTC1_Scenario2.00001: LGTESTC1Case1.LGTESTC1_EXEC_CICS_RETURN2_01.00001: EXEC CICS RETURN assertion" name="00021: CA_E_FUND_NAME"/>
    <testcase classname="LGTESTC1_Dev_Unit_Tests.LGTESTC1_Scenario2.00001: LGTESTC1Case1.LGTESTC1_EXEC_CICS_RETURN2_01.00001: EXEC CICS RETURN assertion" name="00022: CA_E_LIFE_ASSURED"/>
    <testcase classname="LGTESTC1_Dev_Unit_Tests.LGTESTC1_Scenario2.00001: LGTESTC1Case1.LGTESTC1_EXEC_CICS_RETURN2_01.00001: EXEC CICS RETURN assertion" name="00023: CA_E_PADDING_DATA"/>
    <testcase classname="LGTESTC1_Dev_Unit_Tests.LGTESTC1_Scenario2.00001: LGTESTC1Case1.LGTESTC1_EXEC_CICS_RETURN2_01.00001: EXEC CICS RETURN assertion" name="00024: CA_H_PROPERTY_TYPE"/>
    <testcase classname="LGTESTC1_Dev_Unit_Tests.LGTESTC1_Scenario2.00001: LGTESTC1Case1.LGTESTC1_EXEC_CICS_RETURN2_01.00001: EXEC CICS RETURN assertion" name="00025: CA_H_HOUSE_NAME"/>
    <testcase classname="LGTESTC1_Dev_Unit_Tests.LGTESTC1_Scenario2.00001: LGTESTC1Case1.LGTESTC1_EXEC_CICS_RETURN2_01.00001: EXEC CICS RETURN assertion" name="00026: CA_H_HOUSE_NUMBER"/>
    <testcase classname="LGTESTC1_Dev_Unit_Tests.LGTESTC1_Scenario2.00001: LGTESTC1Case1.LGTESTC1_EXEC_CICS_RETURN2_01.00001: EXEC CICS RETURN assertion" name="00027: CA_H_POSTCODE"/>
    <testcase classname="LGTESTC1_Dev_Unit_Tests.LGTESTC1_Scenario2.00001: LGTESTC1Case1.LGTESTC1_EXEC_CICS_RETURN2_01.00001: EXEC CICS RETURN assertion" name="00028: CA_H_FILLER"/>
    <testcase classname="LGTESTC1_Dev_Unit_Tests.LGTESTC1_Scenario2.00001: LGTESTC1Case1.LGTESTC1_EXEC_CICS_RETURN2_01.00001: EXEC CICS RETURN assertion" name="00029: CA_M_MAKE"/>
    <testcase classname="LGTESTC1_Dev_Unit_Tests.LGTESTC1_Scenario2.00001: LGTESTC1Case1.LGTESTC1_EXEC_CICS_RETURN2_01.00001: EXEC CICS RETURN assertion" name="00030: CA_M_MODEL"/>
    <testcase classname="LGTESTC1_Dev_Unit_Tests.LGTESTC1_Scenario2.00001: LGTESTC1Case1.LGTESTC1_EXEC_CICS_RETURN2_01.00001: EXEC CICS RETURN assertion" name="00031: CA_M_REGNUMBER"/>
    <testcase classname="LGTESTC1_Dev_Unit_Tests.LGTESTC1_Scenario2.00001: LGTESTC1Case1.LGTESTC1_EXEC_CICS_RETURN2_01.00001: EXEC CICS RETURN assertion" name="00032: CA_M_COLOUR"/>
    <testcase classname="LGTESTC1_Dev_Unit_Tests.LGTESTC1_Scenario2.00001: LGTESTC1Case1.LGTESTC1_EXEC_CICS_RETURN2_01.00001: EXEC CICS RETURN assertion" name="00033: CA_M_MANUFACTURED"/>
    <testcase classname="LGTESTC1_Dev_Unit_Tests.LGTESTC1_Scenario2.00001: LGTESTC1Case1.LGTESTC1_EXEC_CICS_RETURN2_01.00001: EXEC CICS RETURN assertion" name="00034: CA_M_FILLER"/>
    <testcase classname="LGTESTC1_Dev_Unit_Tests.LGTESTC1_Scenario2.00001: LGTESTC1Case1.LGTESTC1_EXEC_CICS_RETURN2_01.00001: EXEC CICS RETURN assertion" name="00035: CA_B_Address"/>
    <testcase classname="LGTESTC1_Dev_Unit_Tests.LGTESTC1_Scenario2.00001: LGTESTC1Case1.LGTESTC1_EXEC_CICS_RETURN2_01.00001: EXEC CICS RETURN assertion" name="00036: CA_B_Postcode"/>
    <testcase classname="LGTESTC1_Dev_Unit_Tests.LGTESTC1_Scenario2.00001: LGTESTC1Case1.LGTESTC1_EXEC_CICS_RETURN2_01.00001: EXEC CICS RETURN assertion" name="00037: CA_B_Latitude"/>
    <testcase classname="LGTESTC1_Dev_Unit_Tests.LGTESTC1_Scenario2.00001: LGTESTC1Case1.LGTESTC1_EXEC_CICS_RETURN2_01.00001: EXEC CICS RETURN assertion" name="00038: CA_B_Longitude"/>
    <testcase classname="LGTESTC1_Dev_Unit_Tests.LGTESTC1_Scenario2.00001: LGTESTC1Case1.LGTESTC1_EXEC_CICS_RETURN2_01.00001: EXEC CICS RETURN assertion" name="00039: CA_B_Customer"/>
    <testcase classname="LGTESTC1_Dev_Unit_Tests.LGTESTC1_Scenario2.00001: LGTESTC1Case1.LGTESTC1_EXEC_CICS_RETURN2_01.00001: EXEC CICS RETURN assertion" name="00040: CA_B_PropType"/>
    <testcase classname="LGTESTC1_Dev_Unit_Tests.LGTESTC1_Scenario2.00001: LGTESTC1Case1.LGTESTC1_EXEC_CICS_RETURN2_01.00001: EXEC CICS RETURN assertion" name="00041: CA_B_RejectReason"/>
    <testcase classname="LGTESTC1_Dev_Unit_Tests.LGTESTC1_Scenario2.00001: LGTESTC1Case1.LGTESTC1_EXEC_CICS_RETURN2_01.00001: EXEC CICS RETURN assertion" name="00042: CA_B_FILLER"/>
    <testcase classname="LGTESTC1_Dev_Unit_Tests.LGTESTC1_Scenario2.00001: LGTESTC1Case1.LGTESTC1_EXEC_CICS_RETURN2_01.00001: EXEC CICS RETURN assertion" name="00043: CA_C_Date"/>
    <testcase classname="LGTESTC1_Dev_Unit_Tests.LGTESTC1_Scenario2.00001: LGTESTC1Case1.LGTESTC1_EXEC_CICS_RETURN2_01.00001: EXEC CICS RETURN assertion" name="00044: CA_C_Cause"/>
    <testcase classname="LGTESTC1_Dev_Unit_Tests.LGTESTC1_Scenario2.00001: LGTESTC1Case1.LGTESTC1_EXEC_CICS_RETURN2_01.00001: EXEC CICS RETURN assertion" name="00045: CA_C_Observations"/>
    <testcase classname="LGTESTC1_Dev_Unit_Tests.LGTESTC1_Scenario2.00001: LGTESTC1Case1.LGTESTC1_EXEC_CICS_RETURN2_01.00001: EXEC CICS RETURN assertion" name="00046: SQL_TEMP"/>
    <testcase classname="LGTESTC1_Dev_Unit_Tests.LGTESTC1_Scenario2.00001: LGTESTC1Case1.LGTESTC1_EXEC_CICS_RETURN2_01.00001: EXEC CICS RETURN assertion" name="00047: DSN_TEMP"/>
    <testcase classname="LGTESTC1_Dev_Unit_Tests.LGTESTC1_Scenario2.00001: LGTESTC1Case1.LGTESTC1_EXEC_CICS_RETURN2_01.00001: EXEC CICS RETURN assertion" name="00048: DSNNROWS"/>
    <testcase classname="LGTESTC1_Dev_Unit_Tests.LGTESTC1_Scenario2.00001: LGTESTC1Case1.LGTESTC1_EXEC_CICS_RETURN2_01.00001: EXEC CICS RETURN assertion" name="00049: DSNNTYPE"/>
    <testcase classname="LGTESTC1_Dev_Unit_Tests.LGTESTC1_Scenario2.00001: LGTESTC1Case1.LGTESTC1_EXEC_CICS_RETURN2_01.00001: EXEC CICS RETURN assertion" name="00050: DSNNLEN"/>
    <testcase classname="LGTESTC1_Dev_Unit_Tests.LGTESTC1_Scenario2.00001: LGTESTC1Case1.LGTESTC1_EXEC_CICS_RETURN2_01.00001: EXEC CICS RETURN assertion" name="00051: SQL_NULL"/>
    <testcase classname="LGTESTC1_Dev_Unit_Tests.LGTESTC1_Scenario2.00001: LGTESTC1Case1.LGTESTC1_EXEC_CICS_RETURN2_01.00001: EXEC CICS RETURN assertion" name="00052: SQL_INIT_FLAG"/>
    <testcase classname="LGTESTC1_Dev_Unit_Tests.LGTESTC1_Scenario2.00001: LGTESTC1Case1.LGTESTC1_EXEC_CICS_RETURN2_01.00001: EXEC CICS RETURN assertion" name="00053: SQL_FILE_READ"/>
    <testcase classname="LGTESTC1_Dev_Unit_Tests.LGTESTC1_Scenario2.00001: LGTESTC1Case1.LGTESTC1_EXEC_CICS_RETURN2_01.00001: EXEC CICS RETURN assertion" name="00054: SQL_FILE_CREATE"/>
    <testcase classname="LGTESTC1_Dev_Unit_Tests.LGTESTC1_Scenario2.00001: LGTESTC1Case1.LGTESTC1_EXEC_CICS_RETURN2_01.00001: EXEC CICS RETURN assertion" name="00055: SQL_FILE_OVERWRITE"/>
    <testcase classname="LGTESTC1_Dev_Unit_Tests.LGTESTC1_Scenario2.00001: LGTESTC1Case1.LGTESTC1_EXEC_CICS_RETURN2_01.00001: EXEC CICS RETURN assertion" name="00056: SQL_FILE_APPEND"/>
    <testcase classname="LGTESTC1_Dev_Unit_Tests.LGTESTC1_Scenario2.00001: LGTESTC1Case1.LGTESTC1_EXEC_CICS_RETURN2_01.00001: EXEC CICS RETURN assertion" name="00057: dfhb0020">
      <failure>dfhb0020 failed

Actual Value:    2522

Expected Value:  2500</failure>
    </testcase>
  </testsuite>
  <testsuite errors="0" failures="0" name="LGTESTC1_Dev_Unit_Tests.LGTESTC1_Scenario2.00001: LGTESTC1Case1.LGTESTC1_BMS_SEND_RECEIVE_02.00001: EXEC CICS RECEIVE assertion" tests="2">
    <testcase classname="LGTESTC1_Dev_Unit_Tests.LGTESTC1_Scenario2.00001: LGTESTC1Case1.LGTESTC1_BMS_SEND_RECEIVE_02.00001: EXEC CICS RECEIVE assertion" name="00001: dfhc0070"/>
    <testcase classname="LGTESTC1_Dev_Unit_Tests.LGTESTC1_Scenario2.00001: LGTESTC1Case1.LGTESTC1_BMS_SEND_RECEIVE_02.00001: EXEC CICS RECEIVE assertion" name="00002: dfhc0071"/>
  </testsuite>
  <testsuite errors="0" failures="0" name="LGTESTC1_Dev_Unit_Tests.LGTESTC1_Scenario2.00001: LGTESTC1Case1.LGTESTC1_BMS_SEND_RECEIVE_02.00002: EXEC CICS SEND assertion" tests="23">
    <testcase classname="LGTESTC1_Dev_Unit_Tests.LGTESTC1_Scenario2.00001: LGTESTC1Case1.LGTESTC1_BMS_SEND_RECEIVE_02.00002: EXEC CICS SEND assertion" name="00001: dfhc0070"/>
    <testcase classname="LGTESTC1_Dev_Unit_Tests.LGTESTC1_Scenario2.00001: LGTESTC1Case1.LGTESTC1_BMS_SEND_RECEIVE_02.00002: EXEC CICS SEND assertion" name="00002: FILLER0"/>
    <testcase classname="LGTESTC1_Dev_Unit_Tests.LGTESTC1_Scenario2.00001: LGTESTC1Case1.LGTESTC1_BMS_SEND_RECEIVE_02.00002: EXEC CICS SEND assertion" name="00003: FILLER1"/>
    <testcase classname="LGTESTC1_Dev_Unit_Tests.LGTESTC1_Scenario2.00001: LGTESTC1Case1.LGTESTC1_BMS_SEND_RECEIVE_02.00002: EXEC CICS SEND assertion" name="00004: ENT1CNOO"/>
    <testcase classname="LGTESTC1_Dev_Unit_Tests.LGTESTC1_Scenario2.00001: LGTESTC1Case1.LGTESTC1_BMS_SEND_RECEIVE_02.00002: EXEC CICS SEND assertion" name="00005: FILLER2"/>
    <testcase classname="LGTESTC1_Dev_Unit_Tests.LGTESTC1_Scenario2.00001: LGTESTC1Case1.LGTESTC1_BMS_SEND_RECEIVE_02.00002: EXEC CICS SEND assertion" name="00006: ENT1FNAO"/>
    <testcase classname="LGTESTC1_Dev_Unit_Tests.LGTESTC1_Scenario2.00001: LGTESTC1Case1.LGTESTC1_BMS_SEND_RECEIVE_02.00002: EXEC CICS SEND assertion" name="00007: FILLER3"/>
    <testcase classname="LGTESTC1_Dev_Unit_Tests.LGTESTC1_Scenario2.00001: LGTESTC1Case1.LGTESTC1_BMS_SEND_RECEIVE_02.00002: EXEC CICS SEND assertion" name="00008: ENT1LNAO"/>
    <testcase classname="LGTESTC1_Dev_Unit_Tests.LGTESTC1_Scenario2.00001: LGTESTC1Case1.LGTESTC1_BMS_SEND_RECEIVE_02.00002: EXEC CICS SEND assertion" name="00009: FILLER4"/>
    <testcase classname="LGTESTC1_Dev_Unit_Tests.LGTESTC1_Scenario2.00001: LGTESTC1Case1.LGTESTC1_BMS_SEND_RECEIVE_02.00002: EXEC CICS SEND assertion" name="00010: ENT1DOBO"/>
    <testcase classname="LGTESTC1_Dev_Unit_Tests.LGTESTC1_Scenario2.00001: LGTESTC1Case1.LGTESTC1_BMS_SEND_RECEIVE_02.00002: EXEC CICS SEND assertion" name="00011: FILLER5"/>
    <testcase classname="LGTESTC1_Dev_Unit_Tests.LGTESTC1_Scenario2.00001: LGTESTC1Case1.LGTESTC1_BMS_SEND_RECEIVE_02.00002: EXEC CICS SEND assertion" name="00012: ENT1HNMO"/>
    <testcase classname="LGTESTC1_Dev_Unit_Tests.LGTESTC1_Scenario2.00001: LGTESTC1Case1.LGTESTC1_BMS_SEND_RECEIVE_02.00002: EXEC CICS SEND assertion" name="00013: FILLER6"/>
    <testcase classname="LGTESTC1_Dev_Unit_Tests.LGTESTC1_Scenario2.00001: LGTESTC1Case1.LGTESTC1_BMS_SEND_RECEIVE_02.00002: EXEC CICS SEND assertion" name="00014: ENT1HNOO"/>
    <testcase classname="LGTESTC1_Dev_Unit_Tests.LGTESTC1_Scenario2.00001: LGTESTC1Case1.LGTESTC1_BMS_SEND_RECEIVE_02.00002: EXEC CICS SEND assertion" name="00015: FILLER7"/>
    <testcase classname="LGTESTC1_Dev_Unit_Tests.LGTESTC1_Scenario2.00001: LGTESTC1Case1.LGTESTC1_BMS_SEND_RECEIVE_02.00002: EXEC CICS SEND assertion" name="00016: ENT1HPCO"/>
    <testcase classname="LGTESTC1_Dev_Unit_Tests.LGTESTC1_Scenario2.00001: LGTESTC1Case1.LGTESTC1_BMS_SEND_RECEIVE_02.00002: EXEC CICS SEND assertion" name="00017: FILLER8"/>
    <testcase classname="LGTESTC1_Dev_Unit_Tests.LGTESTC1_Scenario2.00001: LGTESTC1Case1.LGTESTC1_BMS_SEND_RECEIVE_02.00002: EXEC CICS SEND assertion" name="00018: ENT1OPTO"/>
    <testcase classname="LGTESTC1_Dev_Unit_Tests.LGTESTC1_Scenario2.00001: LGTESTC1Case1.LGTESTC1_BMS_SEND_RECEIVE_02.00002: EXEC CICS SEND assertion" name="00019: FILLER9"/>
    <testcase classname="LGTESTC1_Dev_Unit_Tests.LGTESTC1_Scenario2.00001: LGTESTC1Case1.LGTESTC1_BMS_SEND_RECEIVE_02.00002: EXEC CICS SEND assertion" name="00020: ERRFLDO"/>
    <testcase classname="LGTESTC1_Dev_Unit_Tests.LGTESTC1_Scenario2.00001: LGTESTC1Case1.LGTESTC1_BMS_SEND_RECEIVE_02.00002: EXEC CICS SEND assertion" name="00021: dfhc0071"/>
  </testsuite>
</testsuites>